2025-07-11 00:42:16,011 INFO o.s.b.w.e.t.GracefulShutdown [SpringApplicationShutdownHook] Commencing graceful shutdown. Waiting for active requests to complete
2025-07-11 00:42:16,028 INFO o.s.b.w.e.t.GracefulShutdown [tomcat-shutdown] Graceful shutdown complete
2025-07-11 09:52:42,050 INFO o.s.b.StartupInfoLogger [main] Starting App using Java 24.0.1 with PID 7408 (C:\Users\Henk\IdeaProjects\WotAPI\target\classes started by Henk in C:\Users\Henk\IdeaProjects\WotAPI)
2025-07-11 09:52:42,052 DEBUG o.s.b.StartupInfoLogger [main] Running with Spring Boot v3.5.3, Spring v6.2.8
2025-07-11 09:52:42,052 INFO o.s.b.SpringApplication [main] No active profile set, falling back to 1 default profile: "default"
2025-07-11 09:52:42,321 WARN o.s.c.s.AbstractApplicationContext [main] Exception encountered during context initialization - cancelling refresh attempt: org.springframework.beans.factory.support.BeanDefinitionOverrideException: Invalid bean definition with name 'wargamingClient' defined in class path resource [com/learningjava/wotapi/config/RestClientConfig.class]: Cannot register bean definition [Root bean: class=null; scope=; abstract=false; lazyInit=null; autowireMode=3; dependencyCheck=0; autowireCandidate=true; primary=false; fallback=false; factoryBeanName=restClientConfig; factoryMethodName=wargamingClient; initMethodNames=null; destroyMethodNames=[(inferred)]; defined in class path resource [com/learningjava/wotapi/config/RestClientConfig.class]] for bean 'wargamingClient' since there is already [Generic bean: class=com.learningjava.wotapi.service.WargamingClient; scope=singleton; abstract=false; lazyInit=null; autowireMode=0; dependencyCheck=0; autowireCandidate=true; primary=false; fallback=false; factoryBeanName=null; factoryMethodName=null; initMethodNames=null; destroyMethodNames=null; defined in file [C:\Users\Henk\IdeaProjects\WotAPI\target\classes\com\learningjava\wotapi\service\WargamingClient.class]] bound.
2025-07-11 09:52:42,343 ERROR o.s.b.d.LoggingFailureAnalysisReporter [main] 

***************************
APPLICATION FAILED TO START
***************************

Description:

The bean 'wargamingClient', defined in class path resource [com/learningjava/wotapi/config/RestClientConfig.class], could not be registered. A bean with that name has already been defined in file [C:\Users\Henk\IdeaProjects\WotAPI\target\classes\com\learningjava\wotapi\service\WargamingClient.class] and overriding is disabled.

Action:

Consider renaming one of the beans or enabling overriding by setting spring.main.allow-bean-definition-overriding=true

2025-07-11 10:01:11,072 INFO o.s.b.StartupInfoLogger [main] Starting App using Java 24.0.1 with PID 26820 (C:\Users\Henk\IdeaProjects\WotAPI\target\classes started by Henk in C:\Users\Henk\IdeaProjects\WotAPI)
2025-07-11 10:01:11,074 DEBUG o.s.b.StartupInfoLogger [main] Running with Spring Boot v3.5.3, Spring v6.2.8
2025-07-11 10:01:11,074 INFO o.s.b.SpringApplication [main] No active profile set, falling back to 1 default profile: "default"
2025-07-11 10:01:12,182 INFO o.s.b.StartupInfoLogger [main] Started App in 1.376 seconds (process running for 2.359)
2025-07-11 10:01:12,184 INFO c.l.w.i.TomatoImport [main] [Tomato Import] Started..
2025-07-11 10:01:12,558 INFO c.l.w.i.TomatoImport [main] [Tomato Import] Call to https://tomato.gg/_next/data/FytQ0IYYUcNigcqAyTbJM/en/tank-performance/recent/EU.json?mode=recent&server=EU returned 404 NOT_FOUND
2025-07-11 10:01:12,585 INFO c.l.w.i.TomatoImport [main] [Tomato Import] Failed
org.springframework.web.client.UnknownContentTypeException: Could not extract response: no suitable HttpMessageConverter found for response type [class com.learningjava.wotapi.api.model.Tomato.TomatoTankPerformance] and content type [text/html;charset=utf-8]
	at org.springframework.web.client.DefaultRestClient.readWithMessageConverters(DefaultRestClient.java:251)
	at org.springframework.web.client.DefaultRestClient$DefaultResponseSpec.readBody(DefaultRestClient.java:819)
	at org.springframework.web.client.DefaultRestClient$DefaultResponseSpec.lambda$body$0(DefaultRestClient.java:750)
	at org.springframework.web.client.DefaultRestClient$DefaultRequestBodyUriSpec.exchangeInternal(DefaultRestClient.java:579)
	at org.springframework.web.client.DefaultRestClient$DefaultRequestBodyUriSpec.exchange(DefaultRestClient.java:533)
	at org.springframework.web.client.RestClient$RequestHeadersSpec.exchange(RestClient.java:680)
	at org.springframework.web.client.DefaultRestClient$DefaultResponseSpec.executeAndExtract(DefaultRestClient.java:814)
	at org.springframework.web.client.DefaultRestClient$DefaultResponseSpec.body(DefaultRestClient.java:750)
	at com.learningjava.wotapi.imports.TomatoImport.start(TomatoImport.java:45)
	at com.learningjava.wotapi.imports.TomatoImport.startupImport(TomatoImport.java:63)
	at java.base/jdk.internal.reflect.DirectMethodHandleAccessor.invoke(DirectMethodHandleAccessor.java:104)
	at java.base/java.lang.reflect.Method.invoke(Method.java:565)
	at org.springframework.context.event.ApplicationListenerMethodAdapter.doInvoke(ApplicationListenerMethodAdapter.java:382)
	at org.springframework.context.event.ApplicationListenerMethodAdapter.processEvent(ApplicationListenerMethodAdapter.java:254)
	at org.springframework.context.event.ApplicationListenerMethodAdapter.onApplicationEvent(ApplicationListenerMethodAdapter.java:173)
	at org.springframework.context.event.SimpleApplicationEventMulticaster.doInvokeListener(SimpleApplicationEventMulticaster.java:185)
	at org.springframework.context.event.SimpleApplicationEventMulticaster.invokeListener(SimpleApplicationEventMulticaster.java:178)
	at org.springframework.context.event.SimpleApplicationEventMulticaster.multicastEvent(SimpleApplicationEventMulticaster.java:156)
	at org.springframework.context.support.AbstractApplicationContext.publishEvent(AbstractApplicationContext.java:454)
	at org.springframework.context.support.AbstractApplicationContext.publishEvent(AbstractApplicationContext.java:387)
	at org.springframework.boot.context.event.EventPublishingRunListener.ready(EventPublishingRunListener.java:109)
	at org.springframework.boot.SpringApplicationRunListeners.lambda$ready$6(SpringApplicationRunListeners.java:80)
	at java.base/java.lang.Iterable.forEach(Iterable.java:75)
	at org.springframework.boot.SpringApplicationRunListeners.doWithListeners(SpringApplicationRunListeners.java:118)
	at org.springframework.boot.SpringApplicationRunListeners.doWithListeners(SpringApplicationRunListeners.java:112)
	at org.springframework.boot.SpringApplicationRunListeners.ready(SpringApplicationRunListeners.java:80)
	at org.springframework.boot.SpringApplication.run(SpringApplication.java:332)
	at org.springframework.boot.SpringApplication.run(SpringApplication.java:1361)
	at org.springframework.boot.SpringApplication.run(SpringApplication.java:1350)
	at com.learningjava.wotapi.App.main(App.java:13)
2025-07-11 10:02:26,807 INFO o.s.b.StartupInfoLogger [main] Starting App using Java 24.0.1 with PID 26984 (C:\Users\Henk\IdeaProjects\WotAPI\target\classes started by Henk in C:\Users\Henk\IdeaProjects\WotAPI)
2025-07-11 10:02:26,809 DEBUG o.s.b.StartupInfoLogger [main] Running with Spring Boot v3.5.3, Spring v6.2.8
2025-07-11 10:02:26,809 INFO o.s.b.SpringApplication [main] No active profile set, falling back to 1 default profile: "default"
2025-07-11 10:02:27,845 INFO o.s.b.StartupInfoLogger [main] Started App in 1.319 seconds (process running for 2.009)
2025-07-11 10:02:27,847 INFO c.l.w.i.TomatoImport [main] [Tomato Import] Started..
2025-07-11 10:02:28,229 INFO c.l.w.i.TomatoImport [main] [Tomato Import] Finished successfully
2025-07-11 10:29:34,299 INFO o.s.t.c.s.AnnotationConfigContextLoaderUtils [main] Could not detect default configuration classes for test class [com.learningjava.wotapi.WotApiApplicationTests]: WotApiApplicationTests does not declare any static, non-private, non-final, nested classes annotated with @Configuration.
2025-07-11 10:29:34,393 INFO o.s.b.t.c.SpringBootTestContextBootstrapper [main] Found @SpringBootConfiguration com.learningjava.wotapi.App for test class com.learningjava.wotapi.WotApiApplicationTests
2025-07-11 10:29:34,695 INFO o.s.b.StartupInfoLogger [main] Starting WotApiApplicationTests using Java 24.0.1 with PID 10300 (started by Henk in C:\Users\Henk\IdeaProjects\WotAPI)
2025-07-11 10:29:34,696 DEBUG o.s.b.StartupInfoLogger [main] Running with Spring Boot v3.5.3, Spring v6.2.8
2025-07-11 10:29:34,697 INFO o.s.b.SpringApplication [main] No active profile set, falling back to 1 default profile: "default"
2025-07-11 10:29:35,622 INFO o.s.b.StartupInfoLogger [main] Started WotApiApplicationTests in 1.114 seconds (process running for 1.99)
2025-07-11 10:29:35,624 INFO c.l.w.i.TomatoImport [main] [Tomato Import] Started..
2025-07-11 10:29:36,019 INFO c.l.w.i.TomatoImport [main] [Tomato Import] Finished successfully
2025-07-11 10:29:59,687 INFO o.s.t.c.s.AnnotationConfigContextLoaderUtils [main] Could not detect default configuration classes for test class [com.learningjava.wotapi.WotApiApplicationTests]: WotApiApplicationTests does not declare any static, non-private, non-final, nested classes annotated with @Configuration.
2025-07-11 10:29:59,776 INFO o.s.b.t.c.SpringBootTestContextBootstrapper [main] Found @SpringBootConfiguration com.learningjava.wotapi.App for test class com.learningjava.wotapi.WotApiApplicationTests
2025-07-11 10:30:00,095 INFO o.s.b.StartupInfoLogger [main] Starting WotApiApplicationTests using Java 24.0.1 with PID 16888 (started by Henk in C:\Users\Henk\IdeaProjects\WotAPI)
2025-07-11 10:30:00,096 DEBUG o.s.b.StartupInfoLogger [main] Running with Spring Boot v3.5.3, Spring v6.2.8
2025-07-11 10:30:00,097 INFO o.s.b.SpringApplication [main] No active profile set, falling back to 1 default profile: "default"
2025-07-11 10:30:01,046 INFO o.s.b.StartupInfoLogger [main] Started WotApiApplicationTests in 1.152 seconds (process running for 2.01)
2025-07-11 10:30:01,048 INFO c.l.w.i.TomatoImport [main] [Tomato Import] Started..
2025-07-11 10:30:01,430 INFO c.l.w.i.TomatoImport [main] [Tomato Import] Finished successfully
2025-07-11 10:32:05,602 INFO o.s.b.StartupInfoLogger [main] Starting App using Java 24.0.1 with PID 22616 (C:\Users\Henk\IdeaProjects\WotAPI\target\classes started by Henk in C:\Users\Henk\IdeaProjects\WotAPI)
2025-07-11 10:32:05,603 DEBUG o.s.b.StartupInfoLogger [main] Running with Spring Boot v3.5.3, Spring v6.2.8
2025-07-11 10:32:05,604 INFO o.s.b.SpringApplication [main] No active profile set, falling back to 1 default profile: "default"
2025-07-11 10:32:06,294 WARN o.s.c.s.AbstractApplicationContext [main] Exception encountered during context initialization - cancelling refresh attempt: org.springframework.beans.factory.UnsatisfiedDependencyException: Error creating bean with name 'playerController' defined in file [C:\Users\Henk\IdeaProjects\WotAPI\target\classes\com\learningjava\wotapi\api\controller\PlayerController.class]: Unsatisfied dependency expressed through constructor parameter 0: Error creating bean with name 'playerService' defined in file [C:\Users\Henk\IdeaProjects\WotAPI\target\classes\com\learningjava\wotapi\service\PlayerService.class]: Unsatisfied dependency expressed through constructor parameter 0: Error creating bean with name 'wargamingApiClient' defined in file [C:\Users\Henk\IdeaProjects\WotAPI\target\classes\com\learningjava\wotapi\service\WargamingApiClient.class]: Unsatisfied dependency expressed through constructor parameter 0: No qualifying bean of type 'org.springframework.web.client.RestClient' available: expected at least 1 bean which qualifies as autowire candidate. Dependency annotations: {@org.springframework.beans.factory.annotation.Qualifier("wargamingClient")}
2025-07-11 10:32:06,440 ERROR o.s.b.d.LoggingFailureAnalysisReporter [main] 

***************************
APPLICATION FAILED TO START
***************************

Description:

Parameter 0 of constructor in com.learningjava.wotapi.service.WargamingApiClient required a bean of type 'org.springframework.web.client.RestClient' that could not be found.

The following candidates were found but could not be injected:
	- User-defined bean method 'tomatoRestClient' in 'RestClientConfig'


Action:

Consider revisiting the entries above or defining a bean of type 'org.springframework.web.client.RestClient' in your configuration.

2025-07-11 10:44:55,451 INFO o.s.t.c.s.AnnotationConfigContextLoaderUtils [main] Could not detect default configuration classes for test class [com.learningjava.wotapi.WotApiApplicationTests]: WotApiApplicationTests does not declare any static, non-private, non-final, nested classes annotated with @Configuration.
2025-07-11 10:44:55,542 INFO o.s.b.t.c.SpringBootTestContextBootstrapper [main] Found @SpringBootConfiguration com.learningjava.wotapi.App for test class com.learningjava.wotapi.WotApiApplicationTests
2025-07-11 10:44:55,842 INFO o.s.b.StartupInfoLogger [main] Starting WotApiApplicationTests using Java 24.0.1 with PID 23880 (started by Henk in C:\Users\Henk\IdeaProjects\WotAPI)
2025-07-11 10:44:55,843 DEBUG o.s.b.StartupInfoLogger [main] Running with Spring Boot v3.5.3, Spring v6.2.8
2025-07-11 10:44:55,844 INFO o.s.b.SpringApplication [main] No active profile set, falling back to 1 default profile: "default"
2025-07-11 10:44:56,775 INFO o.s.b.StartupInfoLogger [main] Started WotApiApplicationTests in 1.121 seconds (process running for 1.976)
2025-07-11 10:44:56,778 INFO c.l.w.i.TomatoImport [main] [Tomato Import] Started..
2025-07-11 10:44:57,167 INFO c.l.w.i.TomatoImport [main] [Tomato Import] Finished successfully
2025-07-11 10:45:57,803 INFO o.s.t.c.s.AnnotationConfigContextLoaderUtils [main] Could not detect default configuration classes for test class [com.learningjava.wotapi.WotApiApplicationTests]: WotApiApplicationTests does not declare any static, non-private, non-final, nested classes annotated with @Configuration.
2025-07-11 10:45:57,897 INFO o.s.b.t.c.SpringBootTestContextBootstrapper [main] Found @SpringBootConfiguration com.learningjava.wotapi.App for test class com.learningjava.wotapi.WotApiApplicationTests
2025-07-11 10:45:58,201 INFO o.s.b.StartupInfoLogger [main] Starting WotApiApplicationTests using Java 24.0.1 with PID 22192 (started by Henk in C:\Users\Henk\IdeaProjects\WotAPI)
2025-07-11 10:45:58,201 DEBUG o.s.b.StartupInfoLogger [main] Running with Spring Boot v3.5.3, Spring v6.2.8
2025-07-11 10:45:58,202 INFO o.s.b.SpringApplication [main] No active profile set, falling back to 1 default profile: "default"
2025-07-11 10:45:58,693 WARN o.s.c.s.AbstractApplicationContext [main] Exception encountered during context initialization - cancelling refresh attempt: org.springframework.beans.factory.BeanCreationException: Error creating bean with name 'org.springframework.aop.config.internalAutoProxyCreator': org/aspectj/lang/annotation/Pointcut
2025-07-11 10:45:58,726 ERROR o.s.b.SpringApplication [main] Application run failed
org.springframework.beans.factory.BeanCreationException: Error creating bean with name 'org.springframework.aop.config.internalAutoProxyCreator': org/aspectj/lang/annotation/Pointcut
	at org.springframework.beans.factory.support.AbstractAutowireCapableBeanFactory.doCreateBean(AbstractAutowireCapableBeanFactory.java:614)
	at org.springframework.beans.factory.support.AbstractAutowireCapableBeanFactory.createBean(AbstractAutowireCapableBeanFactory.java:529)
	at org.springframework.beans.factory.support.AbstractBeanFactory.lambda$doGetBean$0(AbstractBeanFactory.java:339)
	at org.springframework.beans.factory.support.DefaultSingletonBeanRegistry.getSingleton(DefaultSingletonBeanRegistry.java:373)
	at org.springframework.beans.factory.support.AbstractBeanFactory.doGetBean(AbstractBeanFactory.java:337)
	at org.springframework.beans.factory.support.AbstractBeanFactory.getBean(AbstractBeanFactory.java:207)
	at org.springframework.context.support.PostProcessorRegistrationDelegate.registerBeanPostProcessors(PostProcessorRegistrationDelegate.java:265)
	at org.springframework.context.support.AbstractApplicationContext.registerBeanPostProcessors(AbstractApplicationContext.java:808)
	at org.springframework.context.support.AbstractApplicationContext.refresh(AbstractApplicationContext.java:611)
	at org.springframework.boot.SpringApplication.refresh(SpringApplication.java:752)
	at org.springframework.boot.SpringApplication.refreshContext(SpringApplication.java:439)
	at org.springframework.boot.SpringApplication.run(SpringApplication.java:318)
	at org.springframework.boot.test.context.SpringBootContextLoader.lambda$loadContext$3(SpringBootContextLoader.java:144)
	at org.springframework.util.function.ThrowingSupplier.get(ThrowingSupplier.java:58)
	at org.springframework.util.function.ThrowingSupplier.get(ThrowingSupplier.java:46)
	at org.springframework.boot.SpringApplication.withHook(SpringApplication.java:1461)
	at org.springframework.boot.test.context.SpringBootContextLoader$ContextLoaderHook.run(SpringBootContextLoader.java:563)
	at org.springframework.boot.test.context.SpringBootContextLoader.loadContext(SpringBootContextLoader.java:144)
	at org.springframework.boot.test.context.SpringBootContextLoader.loadContext(SpringBootContextLoader.java:110)
	at org.springframework.test.context.cache.DefaultCacheAwareContextLoaderDelegate.loadContextInternal(DefaultCacheAwareContextLoaderDelegate.java:225)
	at org.springframework.test.context.cache.DefaultCacheAwareContextLoaderDelegate.loadContext(DefaultCacheAwareContextLoaderDelegate.java:152)
	at org.springframework.test.context.support.DefaultTestContext.getApplicationContext(DefaultTestContext.java:130)
	at org.springframework.test.context.web.ServletTestExecutionListener.setUpRequestContextIfNecessary(ServletTestExecutionListener.java:200)
	at org.springframework.test.context.web.ServletTestExecutionListener.prepareTestInstance(ServletTestExecutionListener.java:139)
	at org.springframework.test.context.TestContextManager.prepareTestInstance(TestContextManager.java:260)
	at org.springframework.test.context.junit.jupiter.SpringExtension.postProcessTestInstance(SpringExtension.java:159)
	at org.junit.jupiter.engine.descriptor.ClassBasedTestDescriptor.lambda$invokeTestInstancePostProcessors$10(ClassBasedTestDescriptor.java:383)
	at org.junit.jupiter.engine.descriptor.ClassBasedTestDescriptor.executeAndMaskThrowable(ClassBasedTestDescriptor.java:388)
	at org.junit.jupiter.engine.descriptor.ClassBasedTestDescriptor.lambda$invokeTestInstancePostProcessors$11(ClassBasedTestDescriptor.java:382)
	at java.base/java.util.stream.ForEachOps$ForEachOp$OfRef.accept(ForEachOps.java:186)
	at java.base/java.util.stream.ReferencePipeline$3$1.accept(ReferencePipeline.java:215)
	at java.base/java.util.stream.ReferencePipeline$2$1.accept(ReferencePipeline.java:197)
	at java.base/java.util.stream.ReferencePipeline$3$1.accept(ReferencePipeline.java:215)
	at java.base/java.util.ArrayList$ArrayListSpliterator.forEachRemaining(ArrayList.java:1716)
	at java.base/java.util.stream.AbstractPipeline.copyInto(AbstractPipeline.java:570)
	at java.base/java.util.stream.AbstractPipeline.wrapAndCopyInto(AbstractPipeline.java:560)
	at java.base/java.util.stream.ForEachOps$ForEachOp.evaluateSequential(ForEachOps.java:153)
	at java.base/java.util.stream.ForEachOps$ForEachOp$OfRef.evaluateSequential(ForEachOps.java:176)
	at java.base/java.util.stream.AbstractPipeline.evaluate(AbstractPipeline.java:265)
	at java.base/java.util.stream.ReferencePipeline.forEach(ReferencePipeline.java:636)
	at org.junit.jupiter.engine.descriptor.ClassBasedTestDescriptor.invokeTestInstancePostProcessors(ClassBasedTestDescriptor.java:382)
	at org.junit.jupiter.engine.descriptor.ClassBasedTestDescriptor.lambda$instantiateAndPostProcessTestInstance$6(ClassBasedTestDescriptor.java:293)
	at org.junit.platform.engine.support.hierarchical.ThrowableCollector.execute(ThrowableCollector.java:73)
	at org.junit.jupiter.engine.descriptor.ClassBasedTestDescriptor.instantiateAndPostProcessTestInstance(ClassBasedTestDescriptor.java:292)
	at org.junit.jupiter.engine.descriptor.ClassBasedTestDescriptor.lambda$testInstancesProvider$4(ClassBasedTestDescriptor.java:281)
	at java.base/java.util.Optional.orElseGet(Optional.java:364)
	at org.junit.jupiter.engine.descriptor.ClassBasedTestDescriptor.lambda$testInstancesProvider$5(ClassBasedTestDescriptor.java:280)
	at org.junit.jupiter.engine.execution.TestInstancesProvider.getTestInstances(TestInstancesProvider.java:27)
	at org.junit.jupiter.engine.descriptor.TestMethodTestDescriptor.lambda$prepare$0(TestMethodTestDescriptor.java:112)
	at org.junit.platform.engine.support.hierarchical.ThrowableCollector.execute(ThrowableCollector.java:73)
	at org.junit.jupiter.engine.descriptor.TestMethodTestDescriptor.prepare(TestMethodTestDescriptor.java:111)
	at org.junit.jupiter.engine.descriptor.TestMethodTestDescriptor.prepare(TestMethodTestDescriptor.java:69)
	at org.junit.platform.engine.support.hierarchical.NodeTestTask.lambda$prepare$2(NodeTestTask.java:128)
	at org.junit.platform.engine.support.hierarchical.ThrowableCollector.execute(ThrowableCollector.java:73)
	at org.junit.platform.engine.support.hierarchical.NodeTestTask.prepare(NodeTestTask.java:128)
	at org.junit.platform.engine.support.hierarchical.NodeTestTask.execute(NodeTestTask.java:95)
	at java.base/java.util.ArrayList.forEach(ArrayList.java:1604)
	at org.junit.platform.engine.support.hierarchical.SameThreadHierarchicalTestExecutorService.invokeAll(SameThreadHierarchicalTestExecutorService.java:41)
	at org.junit.platform.engine.support.hierarchical.NodeTestTask.lambda$executeRecursively$6(NodeTestTask.java:160)
	at org.junit.platform.engine.support.hierarchical.ThrowableCollector.execute(ThrowableCollector.java:73)
	at org.junit.platform.engine.support.hierarchical.NodeTestTask.lambda$executeRecursively$8(NodeTestTask.java:146)
	at org.junit.platform.engine.support.hierarchical.Node.around(Node.java:137)
	at org.junit.platform.engine.support.hierarchical.NodeTestTask.lambda$executeRecursively$9(NodeTestTask.java:144)
	at org.junit.platform.engine.support.hierarchical.ThrowableCollector.execute(ThrowableCollector.java:73)
	at org.junit.platform.engine.support.hierarchical.NodeTestTask.executeRecursively(NodeTestTask.java:143)
	at org.junit.platform.engine.support.hierarchical.NodeTestTask.execute(NodeTestTask.java:100)
	at java.base/java.util.ArrayList.forEach(ArrayList.java:1604)
	at org.junit.platform.engine.support.hierarchical.SameThreadHierarchicalTestExecutorService.invokeAll(SameThreadHierarchicalTestExecutorService.java:41)
	at org.junit.platform.engine.support.hierarchical.NodeTestTask.lambda$executeRecursively$6(NodeTestTask.java:160)
	at org.junit.platform.engine.support.hierarchical.ThrowableCollector.execute(ThrowableCollector.java:73)
	at org.junit.platform.engine.support.hierarchical.NodeTestTask.lambda$executeRecursively$8(NodeTestTask.java:146)
	at org.junit.platform.engine.support.hierarchical.Node.around(Node.java:137)
	at org.junit.platform.engine.support.hierarchical.NodeTestTask.lambda$executeRecursively$9(NodeTestTask.java:144)
	at org.junit.platform.engine.support.hierarchical.ThrowableCollector.execute(ThrowableCollector.java:73)
	at org.junit.platform.engine.support.hierarchical.NodeTestTask.executeRecursively(NodeTestTask.java:143)
	at org.junit.platform.engine.support.hierarchical.NodeTestTask.execute(NodeTestTask.java:100)
	at org.junit.platform.engine.support.hierarchical.SameThreadHierarchicalTestExecutorService.submit(SameThreadHierarchicalTestExecutorService.java:35)
	at org.junit.platform.engine.support.hierarchical.HierarchicalTestExecutor.execute(HierarchicalTestExecutor.java:57)
	at org.junit.platform.engine.support.hierarchical.HierarchicalTestEngine.execute(HierarchicalTestEngine.java:54)
	at org.junit.platform.launcher.core.EngineExecutionOrchestrator.execute(EngineExecutionOrchestrator.java:201)
	at org.junit.platform.launcher.core.EngineExecutionOrchestrator.execute(EngineExecutionOrchestrator.java:170)
	at org.junit.platform.launcher.core.EngineExecutionOrchestrator.execute(EngineExecutionOrchestrator.java:94)
	at org.junit.platform.launcher.core.EngineExecutionOrchestrator.lambda$execute$0(EngineExecutionOrchestrator.java:59)
	at org.junit.platform.launcher.core.EngineExecutionOrchestrator.withInterceptedStreams(EngineExecutionOrchestrator.java:142)
	at org.junit.platform.launcher.core.EngineExecutionOrchestrator.execute(EngineExecutionOrchestrator.java:58)
	at org.junit.platform.launcher.core.DefaultLauncher.execute(DefaultLauncher.java:103)
	at org.junit.platform.launcher.core.DefaultLauncher.execute(DefaultLauncher.java:85)
	at org.junit.platform.launcher.core.DelegatingLauncher.execute(DelegatingLauncher.java:47)
	at org.junit.platform.launcher.core.InterceptingLauncher.lambda$execute$1(InterceptingLauncher.java:39)
	at org.junit.platform.launcher.core.ClasspathAlignmentCheckingLauncherInterceptor.intercept(ClasspathAlignmentCheckingLauncherInterceptor.java:25)
	at org.junit.platform.launcher.core.InterceptingLauncher.execute(InterceptingLauncher.java:38)
	at org.junit.platform.launcher.core.DelegatingLauncher.execute(DelegatingLauncher.java:47)
	at org.apache.maven.surefire.junitplatform.LazyLauncher.execute(LazyLauncher.java:56)
	at org.apache.maven.surefire.junitplatform.JUnitPlatformProvider.execute(JUnitPlatformProvider.java:194)
	at org.apache.maven.surefire.junitplatform.JUnitPlatformProvider.invokeAllTests(JUnitPlatformProvider.java:150)
	at org.apache.maven.surefire.junitplatform.JUnitPlatformProvider.invoke(JUnitPlatformProvider.java:124)
	at org.apache.maven.surefire.booter.ForkedBooter.runSuitesInProcess(ForkedBooter.java:385)
	at org.apache.maven.surefire.booter.ForkedBooter.execute(ForkedBooter.java:162)
	at org.apache.maven.surefire.booter.ForkedBooter.run(ForkedBooter.java:507)
	at org.apache.maven.surefire.booter.ForkedBooter.main(ForkedBooter.java:495)
Caused by: java.lang.NoClassDefFoundError: org/aspectj/lang/annotation/Pointcut
	at org.springframework.aop.aspectj.annotation.AbstractAspectJAdvisorFactory.<clinit>(AbstractAspectJAdvisorFactory.java:60)
	at org.springframework.aop.aspectj.annotation.AnnotationAwareAspectJAutoProxyCreator.initBeanFactory(AnnotationAwareAspectJAutoProxyCreator.java:82)
	at org.springframework.aop.framework.autoproxy.AbstractAdvisorAutoProxyCreator.setBeanFactory(AbstractAdvisorAutoProxyCreator.java:67)
	at org.springframework.beans.factory.support.AbstractAutowireCapableBeanFactory.invokeAwareMethods(AbstractAutowireCapableBeanFactory.java:1847)
	at org.springframework.beans.factory.support.AbstractAutowireCapableBeanFactory.initializeBean(AbstractAutowireCapableBeanFactory.java:1814)
	at org.springframework.beans.factory.support.AbstractAutowireCapableBeanFactory.doCreateBean(AbstractAutowireCapableBeanFactory.java:607)
	... 99 common frames omitted
Caused by: java.lang.ClassNotFoundException: org.aspectj.lang.annotation.Pointcut
	at java.base/jdk.internal.loader.BuiltinClassLoader.loadClass(BuiltinClassLoader.java:580)
	at java.base/java.lang.ClassLoader.loadClass(ClassLoader.java:490)
	... 105 common frames omitted
2025-07-11 10:45:58,731 WARN o.s.t.c.TestContextManager [main] Caught exception while allowing TestExecutionListener [org.springframework.test.context.web.ServletTestExecutionListener] to prepare test instance [com.learningjava.wotapi.WotApiApplicationTests@51b01550]
java.lang.IllegalStateException: Failed to load ApplicationContext for [WebMergedContextConfiguration@6cd64b3f testClass = com.learningjava.wotapi.WotApiApplicationTests, locations = [], classes = [com.learningjava.wotapi.App], contextInitializerClasses = [], activeProfiles = [], propertySourceDescriptors = [], propertySourceProperties = ["org.springframework.boot.test.context.SpringBootTestContextBootstrapper=true"], contextCustomizers = [org.springframework.boot.test.context.filter.ExcludeFilterContextCustomizer@16414e40, org.springframework.boot.test.json.DuplicateJsonObjectContextCustomizerFactory$DuplicateJsonObjectContextCustomizer@78383390, org.springframework.boot.test.mock.mockito.MockitoContextCustomizer@0, org.springframework.boot.test.web.client.TestRestTemplateContextCustomizer@2c1156a7, org.springframework.boot.test.web.reactor.netty.DisableReactorResourceFactoryGlobalResourcesContextCustomizerFactory$DisableReactorResourceFactoryGlobalResourcesContextCustomizerCustomizer@8dbfffb, org.springframework.boot.test.autoconfigure.OnFailureConditionReportContextCustomizerFactory$OnFailureConditionReportContextCustomizer@a22cb6a, org.springframework.boot.test.autoconfigure.actuate.observability.ObservabilityContextCustomizerFactory$DisableObservabilityContextCustomizer@1f, org.springframework.boot.test.autoconfigure.properties.PropertyMappingContextCustomizer@0, org.springframework.boot.test.autoconfigure.web.servlet.WebDriverContextCustomizer@2da59753, org.springframework.test.context.support.DynamicPropertiesContextCustomizer@0, org.springframework.boot.test.context.SpringBootTestAnnotation@c72b7e72], resourceBasePath = "src/main/webapp", contextLoader = org.springframework.boot.test.context.SpringBootContextLoader, parent = null]
	at org.springframework.test.context.cache.DefaultCacheAwareContextLoaderDelegate.loadContext(DefaultCacheAwareContextLoaderDelegate.java:180)
	at org.springframework.test.context.support.DefaultTestContext.getApplicationContext(DefaultTestContext.java:130)
	at org.springframework.test.context.web.ServletTestExecutionListener.setUpRequestContextIfNecessary(ServletTestExecutionListener.java:200)
	at org.springframework.test.context.web.ServletTestExecutionListener.prepareTestInstance(ServletTestExecutionListener.java:139)
	at org.springframework.test.context.TestContextManager.prepareTestInstance(TestContextManager.java:260)
	at org.springframework.test.context.junit.jupiter.SpringExtension.postProcessTestInstance(SpringExtension.java:159)
	at org.junit.jupiter.engine.descriptor.ClassBasedTestDescriptor.lambda$invokeTestInstancePostProcessors$10(ClassBasedTestDescriptor.java:383)
	at org.junit.jupiter.engine.descriptor.ClassBasedTestDescriptor.executeAndMaskThrowable(ClassBasedTestDescriptor.java:388)
	at org.junit.jupiter.engine.descriptor.ClassBasedTestDescriptor.lambda$invokeTestInstancePostProcessors$11(ClassBasedTestDescriptor.java:382)
	at java.base/java.util.stream.ForEachOps$ForEachOp$OfRef.accept(ForEachOps.java:186)
	at java.base/java.util.stream.ReferencePipeline$3$1.accept(ReferencePipeline.java:215)
	at java.base/java.util.stream.ReferencePipeline$2$1.accept(ReferencePipeline.java:197)
	at java.base/java.util.stream.ReferencePipeline$3$1.accept(ReferencePipeline.java:215)
	at java.base/java.util.ArrayList$ArrayListSpliterator.forEachRemaining(ArrayList.java:1716)
	at java.base/java.util.stream.AbstractPipeline.copyInto(AbstractPipeline.java:570)
	at java.base/java.util.stream.AbstractPipeline.wrapAndCopyInto(AbstractPipeline.java:560)
	at java.base/java.util.stream.ForEachOps$ForEachOp.evaluateSequential(ForEachOps.java:153)
	at java.base/java.util.stream.ForEachOps$ForEachOp$OfRef.evaluateSequential(ForEachOps.java:176)
	at java.base/java.util.stream.AbstractPipeline.evaluate(AbstractPipeline.java:265)
	at java.base/java.util.stream.ReferencePipeline.forEach(ReferencePipeline.java:636)
	at org.junit.jupiter.engine.descriptor.ClassBasedTestDescriptor.invokeTestInstancePostProcessors(ClassBasedTestDescriptor.java:382)
	at org.junit.jupiter.engine.descriptor.ClassBasedTestDescriptor.lambda$instantiateAndPostProcessTestInstance$6(ClassBasedTestDescriptor.java:293)
	at org.junit.platform.engine.support.hierarchical.ThrowableCollector.execute(ThrowableCollector.java:73)
	at org.junit.jupiter.engine.descriptor.ClassBasedTestDescriptor.instantiateAndPostProcessTestInstance(ClassBasedTestDescriptor.java:292)
	at org.junit.jupiter.engine.descriptor.ClassBasedTestDescriptor.lambda$testInstancesProvider$4(ClassBasedTestDescriptor.java:281)
	at java.base/java.util.Optional.orElseGet(Optional.java:364)
	at org.junit.jupiter.engine.descriptor.ClassBasedTestDescriptor.lambda$testInstancesProvider$5(ClassBasedTestDescriptor.java:280)
	at org.junit.jupiter.engine.execution.TestInstancesProvider.getTestInstances(TestInstancesProvider.java:27)
	at org.junit.jupiter.engine.descriptor.TestMethodTestDescriptor.lambda$prepare$0(TestMethodTestDescriptor.java:112)
	at org.junit.platform.engine.support.hierarchical.ThrowableCollector.execute(ThrowableCollector.java:73)
	at org.junit.jupiter.engine.descriptor.TestMethodTestDescriptor.prepare(TestMethodTestDescriptor.java:111)
	at org.junit.jupiter.engine.descriptor.TestMethodTestDescriptor.prepare(TestMethodTestDescriptor.java:69)
	at org.junit.platform.engine.support.hierarchical.NodeTestTask.lambda$prepare$2(NodeTestTask.java:128)
	at org.junit.platform.engine.support.hierarchical.ThrowableCollector.execute(ThrowableCollector.java:73)
	at org.junit.platform.engine.support.hierarchical.NodeTestTask.prepare(NodeTestTask.java:128)
	at org.junit.platform.engine.support.hierarchical.NodeTestTask.execute(NodeTestTask.java:95)
	at java.base/java.util.ArrayList.forEach(ArrayList.java:1604)
	at org.junit.platform.engine.support.hierarchical.SameThreadHierarchicalTestExecutorService.invokeAll(SameThreadHierarchicalTestExecutorService.java:41)
	at org.junit.platform.engine.support.hierarchical.NodeTestTask.lambda$executeRecursively$6(NodeTestTask.java:160)
	at org.junit.platform.engine.support.hierarchical.ThrowableCollector.execute(ThrowableCollector.java:73)
	at org.junit.platform.engine.support.hierarchical.NodeTestTask.lambda$executeRecursively$8(NodeTestTask.java:146)
	at org.junit.platform.engine.support.hierarchical.Node.around(Node.java:137)
	at org.junit.platform.engine.support.hierarchical.NodeTestTask.lambda$executeRecursively$9(NodeTestTask.java:144)
	at org.junit.platform.engine.support.hierarchical.ThrowableCollector.execute(ThrowableCollector.java:73)
	at org.junit.platform.engine.support.hierarchical.NodeTestTask.executeRecursively(NodeTestTask.java:143)
	at org.junit.platform.engine.support.hierarchical.NodeTestTask.execute(NodeTestTask.java:100)
	at java.base/java.util.ArrayList.forEach(ArrayList.java:1604)
	at org.junit.platform.engine.support.hierarchical.SameThreadHierarchicalTestExecutorService.invokeAll(SameThreadHierarchicalTestExecutorService.java:41)
	at org.junit.platform.engine.support.hierarchical.NodeTestTask.lambda$executeRecursively$6(NodeTestTask.java:160)
	at org.junit.platform.engine.support.hierarchical.ThrowableCollector.execute(ThrowableCollector.java:73)
	at org.junit.platform.engine.support.hierarchical.NodeTestTask.lambda$executeRecursively$8(NodeTestTask.java:146)
	at org.junit.platform.engine.support.hierarchical.Node.around(Node.java:137)
	at org.junit.platform.engine.support.hierarchical.NodeTestTask.lambda$executeRecursively$9(NodeTestTask.java:144)
	at org.junit.platform.engine.support.hierarchical.ThrowableCollector.execute(ThrowableCollector.java:73)
	at org.junit.platform.engine.support.hierarchical.NodeTestTask.executeRecursively(NodeTestTask.java:143)
	at org.junit.platform.engine.support.hierarchical.NodeTestTask.execute(NodeTestTask.java:100)
	at org.junit.platform.engine.support.hierarchical.SameThreadHierarchicalTestExecutorService.submit(SameThreadHierarchicalTestExecutorService.java:35)
	at org.junit.platform.engine.support.hierarchical.HierarchicalTestExecutor.execute(HierarchicalTestExecutor.java:57)
	at org.junit.platform.engine.support.hierarchical.HierarchicalTestEngine.execute(HierarchicalTestEngine.java:54)
	at org.junit.platform.launcher.core.EngineExecutionOrchestrator.execute(EngineExecutionOrchestrator.java:201)
	at org.junit.platform.launcher.core.EngineExecutionOrchestrator.execute(EngineExecutionOrchestrator.java:170)
	at org.junit.platform.launcher.core.EngineExecutionOrchestrator.execute(EngineExecutionOrchestrator.java:94)
	at org.junit.platform.launcher.core.EngineExecutionOrchestrator.lambda$execute$0(EngineExecutionOrchestrator.java:59)
	at org.junit.platform.launcher.core.EngineExecutionOrchestrator.withInterceptedStreams(EngineExecutionOrchestrator.java:142)
	at org.junit.platform.launcher.core.EngineExecutionOrchestrator.execute(EngineExecutionOrchestrator.java:58)
	at org.junit.platform.launcher.core.DefaultLauncher.execute(DefaultLauncher.java:103)
	at org.junit.platform.launcher.core.DefaultLauncher.execute(DefaultLauncher.java:85)
	at org.junit.platform.launcher.core.DelegatingLauncher.execute(DelegatingLauncher.java:47)
	at org.junit.platform.launcher.core.InterceptingLauncher.lambda$execute$1(InterceptingLauncher.java:39)
	at org.junit.platform.launcher.core.ClasspathAlignmentCheckingLauncherInterceptor.intercept(ClasspathAlignmentCheckingLauncherInterceptor.java:25)
	at org.junit.platform.launcher.core.InterceptingLauncher.execute(InterceptingLauncher.java:38)
	at org.junit.platform.launcher.core.DelegatingLauncher.execute(DelegatingLauncher.java:47)
	at org.apache.maven.surefire.junitplatform.LazyLauncher.execute(LazyLauncher.java:56)
	at org.apache.maven.surefire.junitplatform.JUnitPlatformProvider.execute(JUnitPlatformProvider.java:194)
	at org.apache.maven.surefire.junitplatform.JUnitPlatformProvider.invokeAllTests(JUnitPlatformProvider.java:150)
	at org.apache.maven.surefire.junitplatform.JUnitPlatformProvider.invoke(JUnitPlatformProvider.java:124)
	at org.apache.maven.surefire.booter.ForkedBooter.runSuitesInProcess(ForkedBooter.java:385)
	at org.apache.maven.surefire.booter.ForkedBooter.execute(ForkedBooter.java:162)
	at org.apache.maven.surefire.booter.ForkedBooter.run(ForkedBooter.java:507)
	at org.apache.maven.surefire.booter.ForkedBooter.main(ForkedBooter.java:495)
Caused by: org.springframework.beans.factory.BeanCreationException: Error creating bean with name 'org.springframework.aop.config.internalAutoProxyCreator': org/aspectj/lang/annotation/Pointcut
	at org.springframework.beans.factory.support.AbstractAutowireCapableBeanFactory.doCreateBean(AbstractAutowireCapableBeanFactory.java:614)
	at org.springframework.beans.factory.support.AbstractAutowireCapableBeanFactory.createBean(AbstractAutowireCapableBeanFactory.java:529)
	at org.springframework.beans.factory.support.AbstractBeanFactory.lambda$doGetBean$0(AbstractBeanFactory.java:339)
	at org.springframework.beans.factory.support.DefaultSingletonBeanRegistry.getSingleton(DefaultSingletonBeanRegistry.java:373)
	at org.springframework.beans.factory.support.AbstractBeanFactory.doGetBean(AbstractBeanFactory.java:337)
	at org.springframework.beans.factory.support.AbstractBeanFactory.getBean(AbstractBeanFactory.java:207)
	at org.springframework.context.support.PostProcessorRegistrationDelegate.registerBeanPostProcessors(PostProcessorRegistrationDelegate.java:265)
	at org.springframework.context.support.AbstractApplicationContext.registerBeanPostProcessors(AbstractApplicationContext.java:808)
	at org.springframework.context.support.AbstractApplicationContext.refresh(AbstractApplicationContext.java:611)
	at org.springframework.boot.SpringApplication.refresh(SpringApplication.java:752)
	at org.springframework.boot.SpringApplication.refreshContext(SpringApplication.java:439)
	at org.springframework.boot.SpringApplication.run(SpringApplication.java:318)
	at org.springframework.boot.test.context.SpringBootContextLoader.lambda$loadContext$3(SpringBootContextLoader.java:144)
	at org.springframework.util.function.ThrowingSupplier.get(ThrowingSupplier.java:58)
	at org.springframework.util.function.ThrowingSupplier.get(ThrowingSupplier.java:46)
	at org.springframework.boot.SpringApplication.withHook(SpringApplication.java:1461)
	at org.springframework.boot.test.context.SpringBootContextLoader$ContextLoaderHook.run(SpringBootContextLoader.java:563)
	at org.springframework.boot.test.context.SpringBootContextLoader.loadContext(SpringBootContextLoader.java:144)
	at org.springframework.boot.test.context.SpringBootContextLoader.loadContext(SpringBootContextLoader.java:110)
	at org.springframework.test.context.cache.DefaultCacheAwareContextLoaderDelegate.loadContextInternal(DefaultCacheAwareContextLoaderDelegate.java:225)
	at org.springframework.test.context.cache.DefaultCacheAwareContextLoaderDelegate.loadContext(DefaultCacheAwareContextLoaderDelegate.java:152)
	... 79 common frames omitted
Caused by: java.lang.NoClassDefFoundError: org/aspectj/lang/annotation/Pointcut
	at org.springframework.aop.aspectj.annotation.AbstractAspectJAdvisorFactory.<clinit>(AbstractAspectJAdvisorFactory.java:60)
	at org.springframework.aop.aspectj.annotation.AnnotationAwareAspectJAutoProxyCreator.initBeanFactory(AnnotationAwareAspectJAutoProxyCreator.java:82)
	at org.springframework.aop.framework.autoproxy.AbstractAdvisorAutoProxyCreator.setBeanFactory(AbstractAdvisorAutoProxyCreator.java:67)
	at org.springframework.beans.factory.support.AbstractAutowireCapableBeanFactory.invokeAwareMethods(AbstractAutowireCapableBeanFactory.java:1847)
	at org.springframework.beans.factory.support.AbstractAutowireCapableBeanFactory.initializeBean(AbstractAutowireCapableBeanFactory.java:1814)
	at org.springframework.beans.factory.support.AbstractAutowireCapableBeanFactory.doCreateBean(AbstractAutowireCapableBeanFactory.java:607)
	... 99 common frames omitted
Caused by: java.lang.ClassNotFoundException: org.aspectj.lang.annotation.Pointcut
	at java.base/jdk.internal.loader.BuiltinClassLoader.loadClass(BuiltinClassLoader.java:580)
	at java.base/java.lang.ClassLoader.loadClass(ClassLoader.java:490)
	... 105 common frames omitted
2025-07-11 10:48:27,002 INFO o.s.t.c.s.AnnotationConfigContextLoaderUtils [main] Could not detect default configuration classes for test class [com.learningjava.wotapi.WotApiApplicationTests]: WotApiApplicationTests does not declare any static, non-private, non-final, nested classes annotated with @Configuration.
2025-07-11 10:48:27,097 INFO o.s.b.t.c.SpringBootTestContextBootstrapper [main] Found @SpringBootConfiguration com.learningjava.wotapi.App for test class com.learningjava.wotapi.WotApiApplicationTests
2025-07-11 10:48:27,402 INFO o.s.b.StartupInfoLogger [main] Starting WotApiApplicationTests using Java 24.0.1 with PID 27636 (started by Henk in C:\Users\Henk\IdeaProjects\WotAPI)
2025-07-11 10:48:27,403 DEBUG o.s.b.StartupInfoLogger [main] Running with Spring Boot v3.5.3, Spring v6.2.8
2025-07-11 10:48:27,403 INFO o.s.b.SpringApplication [main] No active profile set, falling back to 1 default profile: "default"
2025-07-11 10:48:28,335 INFO o.s.b.StartupInfoLogger [main] Started WotApiApplicationTests in 1.123 seconds (process running for 1.999)
2025-07-11 10:48:28,337 INFO c.l.w.i.TomatoImport [main] [Tomato Import] Started..
2025-07-11 10:48:28,724 INFO c.l.w.i.TomatoImport [main] [Tomato Import] Finished successfully
2025-07-11 10:49:30,475 INFO o.s.t.c.s.AnnotationConfigContextLoaderUtils [main] Could not detect default configuration classes for test class [com.learningjava.wotapi.WotApiApplicationTests]: WotApiApplicationTests does not declare any static, non-private, non-final, nested classes annotated with @Configuration.
2025-07-11 10:49:30,566 INFO o.s.b.t.c.SpringBootTestContextBootstrapper [main] Found @SpringBootConfiguration com.learningjava.wotapi.App for test class com.learningjava.wotapi.WotApiApplicationTests
2025-07-11 10:49:30,876 INFO o.s.b.StartupInfoLogger [main] Starting WotApiApplicationTests using Java 24.0.1 with PID 26876 (started by Henk in C:\Users\Henk\IdeaProjects\WotAPI)
2025-07-11 10:49:30,877 DEBUG o.s.b.StartupInfoLogger [main] Running with Spring Boot v3.5.3, Spring v6.2.8
2025-07-11 10:49:30,878 INFO o.s.b.SpringApplication [main] No active profile set, falling back to 1 default profile: "default"
2025-07-11 10:49:31,818 INFO o.s.b.StartupInfoLogger [main] Started WotApiApplicationTests in 1.133 seconds (process running for 2.009)
2025-07-11 10:49:31,820 INFO c.l.w.i.TomatoImport [main] [Tomato Import] Started..
2025-07-11 10:49:32,221 INFO c.l.w.i.TomatoImport [main] [Tomato Import] Finished successfully
2025-07-11 10:57:14,885 INFO o.s.b.StartupInfoLogger [main] Starting App using Java 24.0.1 with PID 19972 (C:\Users\Henk\IdeaProjects\WotAPI\target\classes started by Henk in C:\Users\Henk\IdeaProjects\WotAPI)
2025-07-11 10:57:14,886 DEBUG o.s.b.StartupInfoLogger [main] Running with Spring Boot v3.5.3, Spring v6.2.8
2025-07-11 10:57:14,887 INFO o.s.b.SpringApplication [main] No active profile set, falling back to 1 default profile: "default"
2025-07-11 10:57:15,365 WARN o.s.c.s.AbstractApplicationContext [main] Exception encountered during context initialization - cancelling refresh attempt: org.springframework.beans.factory.BeanCreationException: Error creating bean with name 'org.springframework.aop.config.internalAutoProxyCreator': org/aspectj/lang/annotation/Pointcut
2025-07-11 10:57:15,385 ERROR o.s.b.SpringApplication [main] Application run failed
org.springframework.beans.factory.BeanCreationException: Error creating bean with name 'org.springframework.aop.config.internalAutoProxyCreator': org/aspectj/lang/annotation/Pointcut
	at org.springframework.beans.factory.support.AbstractAutowireCapableBeanFactory.doCreateBean(AbstractAutowireCapableBeanFactory.java:614)
	at org.springframework.beans.factory.support.AbstractAutowireCapableBeanFactory.createBean(AbstractAutowireCapableBeanFactory.java:529)
	at org.springframework.beans.factory.support.AbstractBeanFactory.lambda$doGetBean$0(AbstractBeanFactory.java:339)
	at org.springframework.beans.factory.support.DefaultSingletonBeanRegistry.getSingleton(DefaultSingletonBeanRegistry.java:373)
	at org.springframework.beans.factory.support.AbstractBeanFactory.doGetBean(AbstractBeanFactory.java:337)
	at org.springframework.beans.factory.support.AbstractBeanFactory.getBean(AbstractBeanFactory.java:207)
	at org.springframework.context.support.PostProcessorRegistrationDelegate.registerBeanPostProcessors(PostProcessorRegistrationDelegate.java:265)
	at org.springframework.context.support.AbstractApplicationContext.registerBeanPostProcessors(AbstractApplicationContext.java:808)
	at org.springframework.context.support.AbstractApplicationContext.refresh(AbstractApplicationContext.java:611)
	at org.springframework.boot.web.servlet.context.ServletWebServerApplicationContext.refresh(ServletWebServerApplicationContext.java:146)
	at org.springframework.boot.SpringApplication.refresh(SpringApplication.java:752)
	at org.springframework.boot.SpringApplication.refreshContext(SpringApplication.java:439)
	at org.springframework.boot.SpringApplication.run(SpringApplication.java:318)
	at org.springframework.boot.SpringApplication.run(SpringApplication.java:1361)
	at org.springframework.boot.SpringApplication.run(SpringApplication.java:1350)
	at com.learningjava.wotapi.App.main(App.java:15)
Caused by: java.lang.NoClassDefFoundError: org/aspectj/lang/annotation/Pointcut
	at org.springframework.aop.aspectj.annotation.AbstractAspectJAdvisorFactory.<clinit>(AbstractAspectJAdvisorFactory.java:60)
	at org.springframework.aop.aspectj.annotation.AnnotationAwareAspectJAutoProxyCreator.initBeanFactory(AnnotationAwareAspectJAutoProxyCreator.java:82)
	at org.springframework.aop.framework.autoproxy.AbstractAdvisorAutoProxyCreator.setBeanFactory(AbstractAdvisorAutoProxyCreator.java:67)
	at org.springframework.beans.factory.support.AbstractAutowireCapableBeanFactory.invokeAwareMethods(AbstractAutowireCapableBeanFactory.java:1847)
	at org.springframework.beans.factory.support.AbstractAutowireCapableBeanFactory.initializeBean(AbstractAutowireCapableBeanFactory.java:1814)
	at org.springframework.beans.factory.support.AbstractAutowireCapableBeanFactory.doCreateBean(AbstractAutowireCapableBeanFactory.java:607)
	... 15 common frames omitted
Caused by: java.lang.ClassNotFoundException: org.aspectj.lang.annotation.Pointcut
	at java.base/jdk.internal.loader.BuiltinClassLoader.loadClass(BuiltinClassLoader.java:580)
	at java.base/java.lang.ClassLoader.loadClass(ClassLoader.java:490)
	... 21 common frames omitted
2025-07-11 10:58:47,916 INFO o.s.b.StartupInfoLogger [main] Starting App using Java 24.0.1 with PID 20684 (C:\Users\Henk\IdeaProjects\WotAPI\target\classes started by Henk in C:\Users\Henk\IdeaProjects\WotAPI)
2025-07-11 10:58:47,917 DEBUG o.s.b.StartupInfoLogger [main] Running with Spring Boot v3.5.3, Spring v6.2.8
2025-07-11 10:58:47,918 INFO o.s.b.SpringApplication [main] No active profile set, falling back to 1 default profile: "default"
2025-07-11 10:58:48,945 INFO o.s.b.StartupInfoLogger [main] Started App in 1.303 seconds (process running for 2.013)
2025-07-11 10:58:48,947 INFO c.l.w.i.TomatoImport [main] [Tomato Import] Started..
2025-07-11 10:58:49,335 INFO c.l.w.i.TomatoImport [main] [Tomato Import] Finished successfully
2025-07-11 10:59:04,346 INFO o.s.b.StartupInfoLogger [main] Starting App using Java 24.0.1 with PID 25196 (C:\Users\Henk\IdeaProjects\WotAPI\target\classes started by Henk in C:\Users\Henk\IdeaProjects\WotAPI)
2025-07-11 10:59:04,347 DEBUG o.s.b.StartupInfoLogger [main] Running with Spring Boot v3.5.3, Spring v6.2.8
2025-07-11 10:59:04,348 INFO o.s.b.SpringApplication [main] No active profile set, falling back to 1 default profile: "default"
2025-07-11 10:59:05,399 INFO o.s.b.StartupInfoLogger [main] Started App in 1.328 seconds (process running for 1.996)
2025-07-11 10:59:05,401 INFO c.l.w.i.TomatoImport [main] [Tomato Import] Started..
2025-07-11 10:59:05,789 INFO c.l.w.i.TomatoImport [main] [Tomato Import] Finished successfully
2025-07-11 10:59:20,562 INFO o.s.b.StartupInfoLogger [main] Starting App using Java 24.0.1 with PID 11708 (C:\Users\Henk\IdeaProjects\WotAPI\target\classes started by Henk in C:\Users\Henk\IdeaProjects\WotAPI)
2025-07-11 10:59:20,563 DEBUG o.s.b.StartupInfoLogger [main] Running with Spring Boot v3.5.3, Spring v6.2.8
2025-07-11 10:59:20,563 INFO o.s.b.SpringApplication [main] No active profile set, falling back to 1 default profile: "default"
2025-07-11 10:59:21,036 WARN o.s.c.s.AbstractApplicationContext [main] Exception encountered during context initialization - cancelling refresh attempt: org.springframework.beans.factory.BeanCreationException: Error creating bean with name 'org.springframework.aop.config.internalAutoProxyCreator': org/aspectj/lang/annotation/Pointcut
2025-07-11 10:59:21,055 ERROR o.s.b.SpringApplication [main] Application run failed
org.springframework.beans.factory.BeanCreationException: Error creating bean with name 'org.springframework.aop.config.internalAutoProxyCreator': org/aspectj/lang/annotation/Pointcut
	at org.springframework.beans.factory.support.AbstractAutowireCapableBeanFactory.doCreateBean(AbstractAutowireCapableBeanFactory.java:614)
	at org.springframework.beans.factory.support.AbstractAutowireCapableBeanFactory.createBean(AbstractAutowireCapableBeanFactory.java:529)
	at org.springframework.beans.factory.support.AbstractBeanFactory.lambda$doGetBean$0(AbstractBeanFactory.java:339)
	at org.springframework.beans.factory.support.DefaultSingletonBeanRegistry.getSingleton(DefaultSingletonBeanRegistry.java:373)
	at org.springframework.beans.factory.support.AbstractBeanFactory.doGetBean(AbstractBeanFactory.java:337)
	at org.springframework.beans.factory.support.AbstractBeanFactory.getBean(AbstractBeanFactory.java:207)
	at org.springframework.context.support.PostProcessorRegistrationDelegate.registerBeanPostProcessors(PostProcessorRegistrationDelegate.java:265)
	at org.springframework.context.support.AbstractApplicationContext.registerBeanPostProcessors(AbstractApplicationContext.java:808)
	at org.springframework.context.support.AbstractApplicationContext.refresh(AbstractApplicationContext.java:611)
	at org.springframework.boot.web.servlet.context.ServletWebServerApplicationContext.refresh(ServletWebServerApplicationContext.java:146)
	at org.springframework.boot.SpringApplication.refresh(SpringApplication.java:752)
	at org.springframework.boot.SpringApplication.refreshContext(SpringApplication.java:439)
	at org.springframework.boot.SpringApplication.run(SpringApplication.java:318)
	at org.springframework.boot.SpringApplication.run(SpringApplication.java:1361)
	at org.springframework.boot.SpringApplication.run(SpringApplication.java:1350)
	at com.learningjava.wotapi.App.main(App.java:15)
Caused by: java.lang.NoClassDefFoundError: org/aspectj/lang/annotation/Pointcut
	at org.springframework.aop.aspectj.annotation.AbstractAspectJAdvisorFactory.<clinit>(AbstractAspectJAdvisorFactory.java:60)
	at org.springframework.aop.aspectj.annotation.AnnotationAwareAspectJAutoProxyCreator.initBeanFactory(AnnotationAwareAspectJAutoProxyCreator.java:82)
	at org.springframework.aop.framework.autoproxy.AbstractAdvisorAutoProxyCreator.setBeanFactory(AbstractAdvisorAutoProxyCreator.java:67)
	at org.springframework.beans.factory.support.AbstractAutowireCapableBeanFactory.invokeAwareMethods(AbstractAutowireCapableBeanFactory.java:1847)
	at org.springframework.beans.factory.support.AbstractAutowireCapableBeanFactory.initializeBean(AbstractAutowireCapableBeanFactory.java:1814)
	at org.springframework.beans.factory.support.AbstractAutowireCapableBeanFactory.doCreateBean(AbstractAutowireCapableBeanFactory.java:607)
	... 15 common frames omitted
Caused by: java.lang.ClassNotFoundException: org.aspectj.lang.annotation.Pointcut
	at java.base/jdk.internal.loader.BuiltinClassLoader.loadClass(BuiltinClassLoader.java:580)
	at java.base/java.lang.ClassLoader.loadClass(ClassLoader.java:490)
	... 21 common frames omitted
2025-07-11 10:59:30,426 INFO o.s.b.StartupInfoLogger [main] Starting App using Java 24.0.1 with PID 9320 (C:\Users\Henk\IdeaProjects\WotAPI\target\classes started by Henk in C:\Users\Henk\IdeaProjects\WotAPI)
2025-07-11 10:59:30,428 DEBUG o.s.b.StartupInfoLogger [main] Running with Spring Boot v3.5.3, Spring v6.2.8
2025-07-11 10:59:30,428 INFO o.s.b.SpringApplication [main] No active profile set, falling back to 1 default profile: "default"
2025-07-11 10:59:31,505 INFO o.s.b.StartupInfoLogger [main] Started App in 1.372 seconds (process running for 2.086)
2025-07-11 10:59:31,507 INFO c.l.w.i.TomatoImport [main] [Tomato Import] Started..
2025-07-11 10:59:31,895 INFO c.l.w.i.TomatoImport [main] [Tomato Import] Finished successfully
2025-07-11 10:59:45,749 WARN o.s.w.s.h.AbstractHandlerExceptionResolver [http-nio-8080-exec-3] Resolved [org.springframework.web.bind.MissingServletRequestParameterException: Required request parameter 'name' for method parameter type String is not present]
2025-07-11 11:05:07,759 INFO o.s.b.StartupInfoLogger [main] Starting App using Java 24.0.1 with PID 24292 (C:\Users\Henk\IdeaProjects\WotAPI\target\classes started by Henk in C:\Users\Henk\IdeaProjects\WotAPI)
2025-07-11 11:05:07,760 DEBUG o.s.b.StartupInfoLogger [main] Running with Spring Boot v3.5.3, Spring v6.2.8
2025-07-11 11:05:07,761 INFO o.s.b.SpringApplication [main] No active profile set, falling back to 1 default profile: "default"
2025-07-11 11:05:08,804 INFO o.s.b.StartupInfoLogger [main] Started App in 1.324 seconds (process running for 2.003)
2025-07-11 11:05:08,806 INFO c.l.w.i.TomatoImport [main] [Tomato Import] Started..
2025-07-11 11:05:09,198 INFO c.l.w.i.TomatoImport [main] [Tomato Import] Finished successfully
2025-07-11 11:05:26,230 INFO o.s.b.StartupInfoLogger [main] Starting App using Java 24.0.1 with PID 27292 (C:\Users\Henk\IdeaProjects\WotAPI\target\classes started by Henk in C:\Users\Henk\IdeaProjects\WotAPI)
2025-07-11 11:05:26,232 DEBUG o.s.b.StartupInfoLogger [main] Running with Spring Boot v3.5.3, Spring v6.2.8
2025-07-11 11:05:26,232 INFO o.s.b.SpringApplication [main] No active profile set, falling back to 1 default profile: "default"
2025-07-11 11:05:27,269 INFO o.s.b.StartupInfoLogger [main] Started App in 1.311 seconds (process running for 1.98)
2025-07-11 11:05:27,270 INFO c.l.w.i.TomatoImport [main] [Tomato Import] Started..
2025-07-11 11:05:27,662 INFO c.l.w.i.TomatoImport [main] [Tomato Import] Finished successfully
2025-07-11 11:08:52,547 INFO o.s.b.StartupInfoLogger [main] Starting App using Java 24.0.1 with PID 18420 (C:\Users\Henk\IdeaProjects\WotAPI\target\classes started by Henk in C:\Users\Henk\IdeaProjects\WotAPI)
2025-07-11 11:08:52,549 DEBUG o.s.b.StartupInfoLogger [main] Running with Spring Boot v3.5.3, Spring v6.2.8
2025-07-11 11:08:52,549 INFO o.s.b.SpringApplication [main] No active profile set, falling back to 1 default profile: "default"
2025-07-11 11:08:53,591 INFO o.s.b.StartupInfoLogger [main] Started App in 1.317 seconds (process running for 1.973)
2025-07-11 11:08:53,593 INFO c.l.w.i.TomatoImport [main] [Tomato Import] Started..
2025-07-11 11:08:53,991 INFO c.l.w.i.TomatoImport [main] [Tomato Import] Finished successfully
2025-07-11 11:09:31,564 INFO o.s.b.StartupInfoLogger [main] Starting App using Java 24.0.1 with PID 10916 (C:\Users\Henk\IdeaProjects\WotAPI\target\classes started by Henk in C:\Users\Henk\IdeaProjects\WotAPI)
2025-07-11 11:09:31,565 DEBUG o.s.b.StartupInfoLogger [main] Running with Spring Boot v3.5.3, Spring v6.2.8
2025-07-11 11:09:31,566 INFO o.s.b.SpringApplication [main] No active profile set, falling back to 1 default profile: "default"
2025-07-11 11:09:32,598 INFO o.s.b.StartupInfoLogger [main] Started App in 1.309 seconds (process running for 1.97)
2025-07-11 11:09:32,600 INFO c.l.w.i.TomatoImport [main] [Tomato Import] Started..
2025-07-11 11:09:32,986 INFO c.l.w.i.TomatoImport [main] [Tomato Import] Finished successfully
2025-07-11 11:10:59,498 INFO o.s.b.StartupInfoLogger [main] Starting App using Java 24.0.1 with PID 7260 (C:\Users\Henk\IdeaProjects\WotAPI\target\classes started by Henk in C:\Users\Henk\IdeaProjects\WotAPI)
2025-07-11 11:10:59,499 DEBUG o.s.b.StartupInfoLogger [main] Running with Spring Boot v3.5.3, Spring v6.2.8
2025-07-11 11:10:59,500 INFO o.s.b.SpringApplication [main] No active profile set, falling back to 1 default profile: "default"
2025-07-11 11:11:00,534 INFO o.s.b.StartupInfoLogger [main] Started App in 1.308 seconds (process running for 1.975)
2025-07-11 11:11:00,536 INFO c.l.w.i.TomatoImport [main] [Tomato Import] Started..
2025-07-11 11:11:00,924 INFO c.l.w.i.TomatoImport [main] [Tomato Import] Finished successfully
2025-07-11 11:20:48,345 INFO o.s.b.StartupInfoLogger [main] Starting App using Java 24.0.1 with PID 20344 (C:\Users\Henk\IdeaProjects\WotAPI\target\classes started by Henk in C:\Users\Henk\IdeaProjects\WotAPI)
2025-07-11 11:20:48,347 DEBUG o.s.b.StartupInfoLogger [main] Running with Spring Boot v3.5.3, Spring v6.2.8
2025-07-11 11:20:48,347 INFO o.s.b.SpringApplication [main] No active profile set, falling back to 1 default profile: "default"
2025-07-11 11:20:49,394 INFO o.s.b.StartupInfoLogger [main] Started App in 1.319 seconds (process running for 1.978)
2025-07-11 11:20:49,396 INFO c.l.w.i.TomatoImport [main] [Tomato Import] Started..
2025-07-11 11:20:49,790 INFO c.l.w.i.TomatoImport [main] [Tomato Import] Finished successfully
2025-07-11 11:21:38,053 INFO o.s.b.StartupInfoLogger [main] Starting App using Java 24.0.1 with PID 22212 (C:\Users\Henk\IdeaProjects\WotAPI\target\classes started by Henk in C:\Users\Henk\IdeaProjects\WotAPI)
2025-07-11 11:21:38,054 DEBUG o.s.b.StartupInfoLogger [main] Running with Spring Boot v3.5.3, Spring v6.2.8
2025-07-11 11:21:38,055 INFO o.s.b.SpringApplication [main] No active profile set, falling back to 1 default profile: "default"
2025-07-11 11:21:39,083 INFO o.s.b.StartupInfoLogger [main] Started App in 1.3 seconds (process running for 1.96)
2025-07-11 11:21:39,085 INFO c.l.w.i.TomatoImport [main] [Tomato Import] Started..
2025-07-11 11:21:39,465 INFO c.l.w.i.TomatoImport [main] [Tomato Import] Finished successfully
2025-07-11 11:24:35,520 INFO o.s.b.StartupInfoLogger [main] Starting App using Java 24.0.1 with PID 22768 (C:\Users\Henk\IdeaProjects\WotAPI\target\classes started by Henk in C:\Users\Henk\IdeaProjects\WotAPI)
2025-07-11 11:24:35,521 DEBUG o.s.b.StartupInfoLogger [main] Running with Spring Boot v3.5.3, Spring v6.2.8
2025-07-11 11:24:35,522 INFO o.s.b.SpringApplication [main] No active profile set, falling back to 1 default profile: "default"
2025-07-11 11:24:36,557 INFO o.s.b.StartupInfoLogger [main] Started App in 1.313 seconds (process running for 1.984)
2025-07-11 11:24:36,559 INFO c.l.w.i.TomatoImport [main] [Tomato Import] Started..
2025-07-11 11:24:36,942 INFO c.l.w.i.TomatoImport [main] [Tomato Import] Finished successfully
2025-07-11 11:25:10,508 INFO o.s.b.StartupInfoLogger [main] Starting App using Java 24.0.1 with PID 21492 (C:\Users\Henk\IdeaProjects\WotAPI\target\classes started by Henk in C:\Users\Henk\IdeaProjects\WotAPI)
2025-07-11 11:25:10,509 DEBUG o.s.b.StartupInfoLogger [main] Running with Spring Boot v3.5.3, Spring v6.2.8
2025-07-11 11:25:10,510 INFO o.s.b.SpringApplication [main] No active profile set, falling back to 1 default profile: "default"
2025-07-11 11:25:11,542 INFO o.s.b.StartupInfoLogger [main] Started App in 1.309 seconds (process running for 1.964)
2025-07-11 11:25:11,544 INFO c.l.w.i.TomatoImport [main] [Tomato Import] Started..
2025-07-11 11:25:11,925 INFO c.l.w.i.TomatoImport [main] [Tomato Import] Finished successfully
2025-07-11 11:58:16,320 INFO o.s.b.StartupInfoLogger [main] Starting App using Java 24.0.1 with PID 10920 (C:\Users\Henk\IdeaProjects\WotAPI\target\classes started by Henk in C:\Users\Henk\IdeaProjects\WotAPI)
2025-07-11 11:58:16,321 DEBUG o.s.b.StartupInfoLogger [main] Running with Spring Boot v3.5.3, Spring v6.2.8
2025-07-11 11:58:16,322 INFO o.s.b.SpringApplication [main] No active profile set, falling back to 1 default profile: "default"
2025-07-11 11:58:17,357 INFO o.s.b.StartupInfoLogger [main] Started App in 1.316 seconds (process running for 1.988)
2025-07-11 11:58:17,360 INFO c.l.w.i.TomatoImport [main] [Tomato Import] Started..
2025-07-11 11:58:17,746 INFO c.l.w.i.TomatoImport [main] [Tomato Import] Finished successfully
2025-07-11 11:59:53,883 INFO o.s.b.StartupInfoLogger [main] Starting App using Java 24.0.1 with PID 6712 (C:\Users\Henk\IdeaProjects\WotAPI\target\classes started by Henk in C:\Users\Henk\IdeaProjects\WotAPI)
2025-07-11 11:59:53,884 DEBUG o.s.b.StartupInfoLogger [main] Running with Spring Boot v3.5.3, Spring v6.2.8
2025-07-11 11:59:53,885 INFO o.s.b.SpringApplication [main] No active profile set, falling back to 1 default profile: "default"
2025-07-11 11:59:54,919 INFO o.s.b.StartupInfoLogger [main] Started App in 1.305 seconds (process running for 1.994)
2025-07-11 11:59:54,921 INFO c.l.w.i.TomatoImport [main] [Tomato Import] Started..
2025-07-11 11:59:55,310 INFO c.l.w.i.TomatoImport [main] [Tomato Import] Finished successfully
2025-07-11 12:08:09,826 INFO o.s.b.StartupInfoLogger [main] Starting App using Java 24.0.1 with PID 9568 (C:\Users\Henk\IdeaProjects\WotAPI\target\classes started by Henk in C:\Users\Henk\IdeaProjects\WotAPI)
2025-07-11 12:08:09,827 DEBUG o.s.b.StartupInfoLogger [main] Running with Spring Boot v3.5.3, Spring v6.2.8
2025-07-11 12:08:09,828 INFO o.s.b.SpringApplication [main] No active profile set, falling back to 1 default profile: "default"
2025-07-11 12:08:10,854 INFO o.s.b.StartupInfoLogger [main] Started App in 1.3 seconds (process running for 1.974)
2025-07-11 12:08:10,855 INFO c.l.w.i.TomatoImport [main] [Tomato Import] Started..
2025-07-11 12:08:11,243 INFO c.l.w.i.TomatoImport [main] [Tomato Import] Finished successfully
2025-07-11 12:08:29,548 ERROR o.a.j.l.DirectJDKLog [http-nio-5000-exec-2] Servlet.service() for servlet [dispatcherServlet] in context with path [] threw exception [Request processing failed: java.lang.IllegalArgumentException: unsupported URI https:/api.worldoftanks.eu/wot/account/list?application_id=d93acd4c7e86eaac9d151184826fee8a&search=donator_nuke] with root cause
java.lang.IllegalArgumentException: unsupported URI https:/api.worldoftanks.eu/wot/account/list?application_id=d93acd4c7e86eaac9d151184826fee8a&search=donator_nuke
	at java.net.http/jdk.internal.net.http.common.Utils.newIAE(Utils.java:370)
	at java.net.http/jdk.internal.net.http.HttpRequestBuilderImpl.checkURI(HttpRequestBuilderImpl.java:85)
	at java.net.http/jdk.internal.net.http.HttpRequestBuilderImpl.uri(HttpRequestBuilderImpl.java:71)
	at java.net.http/jdk.internal.net.http.HttpRequestBuilderImpl.uri(HttpRequestBuilderImpl.java:43)
	at org.springframework.http.client.JdkClientHttpRequest.buildRequest(JdkClientHttpRequest.java:142)
	at org.springframework.http.client.JdkClientHttpRequest.executeInternal(JdkClientHttpRequest.java:101)
	at org.springframework.http.client.AbstractStreamingClientHttpRequest.executeInternal(AbstractStreamingClientHttpRequest.java:71)
	at org.springframework.http.client.AbstractClientHttpRequest.execute(AbstractClientHttpRequest.java:81)
	at org.springframework.web.client.DefaultRestClient$DefaultRequestBodyUriSpec.exchangeInternal(DefaultRestClient.java:576)
	at org.springframework.web.client.DefaultRestClient$DefaultRequestBodyUriSpec.exchange(DefaultRestClient.java:533)
	at org.springframework.web.client.RestClient$RequestHeadersSpec.exchange(RestClient.java:680)
	at org.springframework.web.client.DefaultRestClient$DefaultResponseSpec.executeAndExtract(DefaultRestClient.java:814)
	at org.springframework.web.client.DefaultRestClient$DefaultResponseSpec.body(DefaultRestClient.java:750)
	at com.learningjava.wotapi.service.WargamingApiClient.getPlayers(WargamingApiClient.java:29)
	at com.learningjava.wotapi.service.PlayerService.GetPlayers(PlayerService.java:15)
	at com.learningjava.wotapi.api.controller.PlayerController.GetPlayer(PlayerController.java:24)
	at java.base/jdk.internal.reflect.DirectMethodHandleAccessor.invoke(DirectMethodHandleAccessor.java:104)
	at java.base/java.lang.reflect.Method.invoke(Method.java:565)
	at org.springframework.web.method.support.InvocableHandlerMethod.doInvoke(InvocableHandlerMethod.java:258)
	at org.springframework.web.method.support.InvocableHandlerMethod.invokeForRequest(InvocableHandlerMethod.java:191)
	at org.springframework.web.servlet.mvc.method.annotation.ServletInvocableHandlerMethod.invokeAndHandle(ServletInvocableHandlerMethod.java:118)
	at org.springframework.web.servlet.mvc.method.annotation.RequestMappingHandlerAdapter.invokeHandlerMethod(RequestMappingHandlerAdapter.java:986)
	at org.springframework.web.servlet.mvc.method.annotation.RequestMappingHandlerAdapter.handleInternal(RequestMappingHandlerAdapter.java:891)
	at org.springframework.web.servlet.mvc.method.AbstractHandlerMethodAdapter.handle(AbstractHandlerMethodAdapter.java:87)
	at org.springframework.web.servlet.DispatcherServlet.doDispatch(DispatcherServlet.java:1089)
	at org.springframework.web.servlet.DispatcherServlet.doService(DispatcherServlet.java:979)
	at org.springframework.web.servlet.FrameworkServlet.processRequest(FrameworkServlet.java:1014)
	at org.springframework.web.servlet.FrameworkServlet.doGet(FrameworkServlet.java:903)
	at jakarta.servlet.http.HttpServlet.service(HttpServlet.java:564)
	at org.springframework.web.servlet.FrameworkServlet.service(FrameworkServlet.java:885)
	at jakarta.servlet.http.HttpServlet.service(HttpServlet.java:658)
	at org.apache.catalina.core.ApplicationFilterChain.internalDoFilter(ApplicationFilterChain.java:195)
	at org.apache.catalina.core.ApplicationFilterChain.doFilter(ApplicationFilterChain.java:140)
	at org.apache.tomcat.websocket.server.WsFilter.doFilter(WsFilter.java:51)
	at org.apache.catalina.core.ApplicationFilterChain.internalDoFilter(ApplicationFilterChain.java:164)
	at org.apache.catalina.core.ApplicationFilterChain.doFilter(ApplicationFilterChain.java:140)
	at org.springframework.web.filter.RequestContextFilter.doFilterInternal(RequestContextFilter.java:100)
	at org.springframework.web.filter.OncePerRequestFilter.doFilter(OncePerRequestFilter.java:116)
	at org.apache.catalina.core.ApplicationFilterChain.internalDoFilter(ApplicationFilterChain.java:164)
	at org.apache.catalina.core.ApplicationFilterChain.doFilter(ApplicationFilterChain.java:140)
	at org.springframework.web.filter.FormContentFilter.doFilterInternal(FormContentFilter.java:93)
	at org.springframework.web.filter.OncePerRequestFilter.doFilter(OncePerRequestFilter.java:116)
	at org.apache.catalina.core.ApplicationFilterChain.internalDoFilter(ApplicationFilterChain.java:164)
	at org.apache.catalina.core.ApplicationFilterChain.doFilter(ApplicationFilterChain.java:140)
	at org.springframework.web.filter.CharacterEncodingFilter.doFilterInternal(CharacterEncodingFilter.java:201)
	at org.springframework.web.filter.OncePerRequestFilter.doFilter(OncePerRequestFilter.java:116)
	at org.apache.catalina.core.ApplicationFilterChain.internalDoFilter(ApplicationFilterChain.java:164)
	at org.apache.catalina.core.ApplicationFilterChain.doFilter(ApplicationFilterChain.java:140)
	at org.apache.catalina.core.StandardWrapperValve.invoke(StandardWrapperValve.java:167)
	at org.apache.catalina.core.StandardContextValve.invoke(StandardContextValve.java:90)
	at org.apache.catalina.authenticator.AuthenticatorBase.invoke(AuthenticatorBase.java:483)
	at org.apache.catalina.core.StandardHostValve.invoke(StandardHostValve.java:116)
	at org.apache.catalina.valves.ErrorReportValve.invoke(ErrorReportValve.java:93)
	at org.apache.catalina.core.StandardEngineValve.invoke(StandardEngineValve.java:74)
	at org.apache.catalina.connector.CoyoteAdapter.service(CoyoteAdapter.java:344)
	at org.apache.coyote.http11.Http11Processor.service(Http11Processor.java:398)
	at org.apache.coyote.AbstractProcessorLight.process(AbstractProcessorLight.java:63)
	at org.apache.coyote.AbstractProtocol$ConnectionHandler.process(AbstractProtocol.java:903)
	at org.apache.tomcat.util.net.NioEndpoint$SocketProcessor.doRun(NioEndpoint.java:1769)
	at org.apache.tomcat.util.net.SocketProcessorBase.run(SocketProcessorBase.java:52)
	at org.apache.tomcat.util.threads.ThreadPoolExecutor.runWorker(ThreadPoolExecutor.java:1189)
	at org.apache.tomcat.util.threads.ThreadPoolExecutor$Worker.run(ThreadPoolExecutor.java:658)
	at org.apache.tomcat.util.threads.TaskThread$WrappingRunnable.run(TaskThread.java:63)
	at java.base/java.lang.Thread.run(Thread.java:1447)
2025-07-11 12:12:42,467 ERROR o.a.j.l.DirectJDKLog [http-nio-5000-exec-4] Servlet.service() for servlet [dispatcherServlet] in context with path [] threw exception [Request processing failed: java.lang.IllegalArgumentException: unsupported URI https:/api.worldoftanks.eu/wot/account/list?application_id=d93acd4c7e86eaac9d151184826fee8a&search=donator_nuke] with root cause
java.lang.IllegalArgumentException: unsupported URI https:/api.worldoftanks.eu/wot/account/list?application_id=d93acd4c7e86eaac9d151184826fee8a&search=donator_nuke
	at java.net.http/jdk.internal.net.http.common.Utils.newIAE(Utils.java:370)
	at java.net.http/jdk.internal.net.http.HttpRequestBuilderImpl.checkURI(HttpRequestBuilderImpl.java:85)
	at java.net.http/jdk.internal.net.http.HttpRequestBuilderImpl.uri(HttpRequestBuilderImpl.java:71)
	at java.net.http/jdk.internal.net.http.HttpRequestBuilderImpl.uri(HttpRequestBuilderImpl.java:43)
	at org.springframework.http.client.JdkClientHttpRequest.buildRequest(JdkClientHttpRequest.java:142)
	at org.springframework.http.client.JdkClientHttpRequest.executeInternal(JdkClientHttpRequest.java:101)
	at org.springframework.http.client.AbstractStreamingClientHttpRequest.executeInternal(AbstractStreamingClientHttpRequest.java:71)
	at org.springframework.http.client.AbstractClientHttpRequest.execute(AbstractClientHttpRequest.java:81)
	at org.springframework.web.client.DefaultRestClient$DefaultRequestBodyUriSpec.exchangeInternal(DefaultRestClient.java:576)
	at org.springframework.web.client.DefaultRestClient$DefaultRequestBodyUriSpec.exchange(DefaultRestClient.java:533)
	at org.springframework.web.client.RestClient$RequestHeadersSpec.exchange(RestClient.java:680)
	at org.springframework.web.client.DefaultRestClient$DefaultResponseSpec.executeAndExtract(DefaultRestClient.java:814)
	at org.springframework.web.client.DefaultRestClient$DefaultResponseSpec.body(DefaultRestClient.java:750)
	at com.learningjava.wotapi.service.WargamingApiClient.getPlayers(WargamingApiClient.java:29)
	at com.learningjava.wotapi.service.PlayerService.GetPlayers(PlayerService.java:15)
	at com.learningjava.wotapi.api.controller.PlayerController.GetPlayer(PlayerController.java:24)
	at java.base/jdk.internal.reflect.DirectMethodHandleAccessor.invoke(DirectMethodHandleAccessor.java:104)
	at java.base/java.lang.reflect.Method.invoke(Method.java:565)
	at org.springframework.web.method.support.InvocableHandlerMethod.doInvoke(InvocableHandlerMethod.java:258)
	at org.springframework.web.method.support.InvocableHandlerMethod.invokeForRequest(InvocableHandlerMethod.java:191)
	at org.springframework.web.servlet.mvc.method.annotation.ServletInvocableHandlerMethod.invokeAndHandle(ServletInvocableHandlerMethod.java:118)
	at org.springframework.web.servlet.mvc.method.annotation.RequestMappingHandlerAdapter.invokeHandlerMethod(RequestMappingHandlerAdapter.java:986)
	at org.springframework.web.servlet.mvc.method.annotation.RequestMappingHandlerAdapter.handleInternal(RequestMappingHandlerAdapter.java:891)
	at org.springframework.web.servlet.mvc.method.AbstractHandlerMethodAdapter.handle(AbstractHandlerMethodAdapter.java:87)
	at org.springframework.web.servlet.DispatcherServlet.doDispatch(DispatcherServlet.java:1089)
	at org.springframework.web.servlet.DispatcherServlet.doService(DispatcherServlet.java:979)
	at org.springframework.web.servlet.FrameworkServlet.processRequest(FrameworkServlet.java:1014)
	at org.springframework.web.servlet.FrameworkServlet.doGet(FrameworkServlet.java:903)
	at jakarta.servlet.http.HttpServlet.service(HttpServlet.java:564)
	at org.springframework.web.servlet.FrameworkServlet.service(FrameworkServlet.java:885)
	at jakarta.servlet.http.HttpServlet.service(HttpServlet.java:658)
	at org.apache.catalina.core.ApplicationFilterChain.internalDoFilter(ApplicationFilterChain.java:195)
	at org.apache.catalina.core.ApplicationFilterChain.doFilter(ApplicationFilterChain.java:140)
	at org.apache.tomcat.websocket.server.WsFilter.doFilter(WsFilter.java:51)
	at org.apache.catalina.core.ApplicationFilterChain.internalDoFilter(ApplicationFilterChain.java:164)
	at org.apache.catalina.core.ApplicationFilterChain.doFilter(ApplicationFilterChain.java:140)
	at org.springframework.web.filter.RequestContextFilter.doFilterInternal(RequestContextFilter.java:100)
	at org.springframework.web.filter.OncePerRequestFilter.doFilter(OncePerRequestFilter.java:116)
	at org.apache.catalina.core.ApplicationFilterChain.internalDoFilter(ApplicationFilterChain.java:164)
	at org.apache.catalina.core.ApplicationFilterChain.doFilter(ApplicationFilterChain.java:140)
	at org.springframework.web.filter.FormContentFilter.doFilterInternal(FormContentFilter.java:93)
	at org.springframework.web.filter.OncePerRequestFilter.doFilter(OncePerRequestFilter.java:116)
	at org.apache.catalina.core.ApplicationFilterChain.internalDoFilter(ApplicationFilterChain.java:164)
	at org.apache.catalina.core.ApplicationFilterChain.doFilter(ApplicationFilterChain.java:140)
	at org.springframework.web.filter.CharacterEncodingFilter.doFilterInternal(CharacterEncodingFilter.java:201)
	at org.springframework.web.filter.OncePerRequestFilter.doFilter(OncePerRequestFilter.java:116)
	at org.apache.catalina.core.ApplicationFilterChain.internalDoFilter(ApplicationFilterChain.java:164)
	at org.apache.catalina.core.ApplicationFilterChain.doFilter(ApplicationFilterChain.java:140)
	at org.apache.catalina.core.StandardWrapperValve.invoke(StandardWrapperValve.java:167)
	at org.apache.catalina.core.StandardContextValve.invoke(StandardContextValve.java:90)
	at org.apache.catalina.authenticator.AuthenticatorBase.invoke(AuthenticatorBase.java:483)
	at org.apache.catalina.core.StandardHostValve.invoke(StandardHostValve.java:116)
	at org.apache.catalina.valves.ErrorReportValve.invoke(ErrorReportValve.java:93)
	at org.apache.catalina.core.StandardEngineValve.invoke(StandardEngineValve.java:74)
	at org.apache.catalina.connector.CoyoteAdapter.service(CoyoteAdapter.java:344)
	at org.apache.coyote.http11.Http11Processor.service(Http11Processor.java:398)
	at org.apache.coyote.AbstractProcessorLight.process(AbstractProcessorLight.java:63)
	at org.apache.coyote.AbstractProtocol$ConnectionHandler.process(AbstractProtocol.java:903)
	at org.apache.tomcat.util.net.NioEndpoint$SocketProcessor.doRun(NioEndpoint.java:1769)
	at org.apache.tomcat.util.net.SocketProcessorBase.run(SocketProcessorBase.java:52)
	at org.apache.tomcat.util.threads.ThreadPoolExecutor.runWorker(ThreadPoolExecutor.java:1189)
	at org.apache.tomcat.util.threads.ThreadPoolExecutor$Worker.run(ThreadPoolExecutor.java:658)
	at org.apache.tomcat.util.threads.TaskThread$WrappingRunnable.run(TaskThread.java:63)
	at java.base/java.lang.Thread.run(Thread.java:1447)
2025-07-11 12:13:51,035 INFO o.s.b.StartupInfoLogger [main] Starting App using Java 24.0.1 with PID 22796 (C:\Users\Henk\IdeaProjects\WotAPI\target\classes started by Henk in C:\Users\Henk\IdeaProjects\WotAPI)
2025-07-11 12:13:51,036 DEBUG o.s.b.StartupInfoLogger [main] Running with Spring Boot v3.5.3, Spring v6.2.8
2025-07-11 12:13:51,037 INFO o.s.b.SpringApplication [main] No active profile set, falling back to 1 default profile: "default"
2025-07-11 12:13:52,087 INFO o.s.b.StartupInfoLogger [main] Started App in 1.321 seconds (process running for 2.0)
2025-07-11 12:13:52,089 INFO c.l.w.i.TomatoImport [main] [Tomato Import] Started..
2025-07-11 12:13:52,474 INFO c.l.w.i.TomatoImport [main] [Tomato Import] Finished successfully
2025-07-11 12:14:21,766 INFO o.s.b.StartupInfoLogger [main] Starting App using Java 24.0.1 with PID 12428 (C:\Users\Henk\IdeaProjects\WotAPI\target\classes started by Henk in C:\Users\Henk\IdeaProjects\WotAPI)
2025-07-11 12:14:21,768 DEBUG o.s.b.StartupInfoLogger [main] Running with Spring Boot v3.5.3, Spring v6.2.8
2025-07-11 12:14:21,768 INFO o.s.b.SpringApplication [main] No active profile set, falling back to 1 default profile: "default"
2025-07-11 12:14:22,818 INFO o.s.b.StartupInfoLogger [main] Started App in 1.323 seconds (process running for 2.001)
2025-07-11 12:14:22,820 INFO c.l.w.i.TomatoImport [main] [Tomato Import] Started..
2025-07-11 12:14:23,212 INFO c.l.w.i.TomatoImport [main] [Tomato Import] Finished successfully
2025-07-11 12:15:17,510 INFO o.s.b.StartupInfoLogger [main] Starting App using Java 24.0.1 with PID 27176 (C:\Users\Henk\IdeaProjects\WotAPI\target\classes started by Henk in C:\Users\Henk\IdeaProjects\WotAPI)
2025-07-11 12:15:17,512 DEBUG o.s.b.StartupInfoLogger [main] Running with Spring Boot v3.5.3, Spring v6.2.8
2025-07-11 12:15:17,512 INFO o.s.b.SpringApplication [main] No active profile set, falling back to 1 default profile: "default"
2025-07-11 12:15:18,558 INFO o.s.b.StartupInfoLogger [main] Started App in 1.32 seconds (process running for 1.979)
2025-07-11 12:15:18,560 INFO c.l.w.i.TomatoImport [main] [Tomato Import] Started..
2025-07-11 12:15:18,944 INFO c.l.w.i.TomatoImport [main] [Tomato Import] Finished successfully
2025-07-11 12:19:25,683 INFO o.s.b.StartupInfoLogger [main] Starting App using Java 24.0.1 with PID 6420 (C:\Users\Henk\IdeaProjects\WotAPI\target\classes started by Henk in C:\Users\Henk\IdeaProjects\WotAPI)
2025-07-11 12:19:25,684 DEBUG o.s.b.StartupInfoLogger [main] Running with Spring Boot v3.5.3, Spring v6.2.8
2025-07-11 12:19:25,685 INFO o.s.b.SpringApplication [main] No active profile set, falling back to 1 default profile: "default"
2025-07-11 12:19:26,713 INFO o.s.b.StartupInfoLogger [main] Started App in 1.302 seconds (process running for 1.962)
2025-07-11 12:19:26,715 INFO c.l.w.i.TomatoImport [main] [Tomato Import] Started..
2025-07-11 12:19:27,109 INFO c.l.w.i.TomatoImport [main] [Tomato Import] Finished successfully
2025-07-11 12:19:47,969 INFO o.s.b.StartupInfoLogger [main] Starting App using Java 24.0.1 with PID 20824 (C:\Users\Henk\IdeaProjects\WotAPI\target\classes started by Henk in C:\Users\Henk\IdeaProjects\WotAPI)
2025-07-11 12:19:47,970 DEBUG o.s.b.StartupInfoLogger [main] Running with Spring Boot v3.5.3, Spring v6.2.8
2025-07-11 12:19:47,971 INFO o.s.b.SpringApplication [main] No active profile set, falling back to 1 default profile: "default"
2025-07-11 12:19:49,006 INFO o.s.b.StartupInfoLogger [main] Started App in 1.311 seconds (process running for 1.965)
2025-07-11 12:19:49,008 INFO c.l.w.i.TomatoImport [main] [Tomato Import] Started..
2025-07-11 12:19:49,396 INFO c.l.w.i.TomatoImport [main] [Tomato Import] Finished successfully
2025-07-11 12:20:38,818 INFO o.s.b.StartupInfoLogger [main] Starting App using Java 24.0.1 with PID 4560 (C:\Users\Henk\IdeaProjects\WotAPI\target\classes started by Henk in C:\Users\Henk\IdeaProjects\WotAPI)
2025-07-11 12:20:38,819 DEBUG o.s.b.StartupInfoLogger [main] Running with Spring Boot v3.5.3, Spring v6.2.8
2025-07-11 12:20:38,820 INFO o.s.b.SpringApplication [main] No active profile set, falling back to 1 default profile: "default"
2025-07-11 12:20:39,878 INFO o.s.b.StartupInfoLogger [main] Started App in 1.338 seconds (process running for 2.03)
2025-07-11 12:20:39,880 INFO c.l.w.i.TomatoImport [main] [Tomato Import] Started..
2025-07-11 12:20:40,263 INFO c.l.w.i.TomatoImport [main] [Tomato Import] Finished successfully
2025-07-11 12:31:16,108 INFO o.s.b.StartupInfoLogger [main] Starting App using Java 24.0.1 with PID 9408 (C:\Users\Henk\IdeaProjects\WotAPI\target\classes started by Henk in C:\Users\Henk\IdeaProjects\WotAPI)
2025-07-11 12:31:16,109 DEBUG o.s.b.StartupInfoLogger [main] Running with Spring Boot v3.5.3, Spring v6.2.8
2025-07-11 12:31:16,110 INFO o.s.b.SpringApplication [main] No active profile set, falling back to 1 default profile: "default"
2025-07-11 12:31:17,139 INFO o.s.b.StartupInfoLogger [main] Started App in 1.302 seconds (process running for 1.975)
2025-07-11 12:31:17,140 INFO c.l.w.i.TomatoImport [main] [Tomato Import] Started..
2025-07-11 12:31:17,542 INFO c.l.w.i.TomatoImport [main] [Tomato Import] Finished successfully
2025-07-11 12:50:36,516 INFO o.s.b.StartupInfoLogger [main] Starting App using Java 24.0.1 with PID 22644 (C:\Users\Henk\IdeaProjects\WotAPI\target\classes started by Henk in C:\Users\Henk\IdeaProjects\WotAPI)
2025-07-11 12:50:36,518 DEBUG o.s.b.StartupInfoLogger [main] Running with Spring Boot v3.5.3, Spring v6.2.8
2025-07-11 12:50:36,518 INFO o.s.b.SpringApplication [main] No active profile set, falling back to 1 default profile: "default"
2025-07-11 12:50:37,560 INFO o.s.b.StartupInfoLogger [main] Started App in 1.318 seconds (process running for 1.975)
2025-07-11 12:50:37,562 INFO c.l.w.i.TomatoImport [main] [Tomato Import] Started..
2025-07-11 12:50:37,971 INFO c.l.w.i.TomatoImport [main] [Tomato Import] Finished successfully
2025-07-11 13:09:34,756 INFO o.s.b.StartupInfoLogger [main] Starting App using Java 24.0.1 with PID 6768 (C:\Users\Henk\IdeaProjects\WotAPI\target\classes started by Henk in C:\Users\Henk\IdeaProjects\WotAPI)
2025-07-11 13:09:34,757 DEBUG o.s.b.StartupInfoLogger [main] Running with Spring Boot v3.5.3, Spring v6.2.8
2025-07-11 13:09:34,758 INFO o.s.b.SpringApplication [main] No active profile set, falling back to 1 default profile: "default"
2025-07-11 13:09:35,818 INFO o.s.b.StartupInfoLogger [main] Started App in 1.341 seconds (process running for 2.016)
2025-07-11 13:09:35,821 INFO c.l.w.i.TomatoImport [main] [Tomato Import] Started..
2025-07-11 13:09:36,205 INFO c.l.w.i.TomatoImport [main] [Tomato Import] Finished successfully
2025-07-11 13:14:04,824 INFO o.s.b.StartupInfoLogger [main] Starting App using Java 24.0.1 with PID 23744 (C:\Users\Henk\IdeaProjects\WotAPI\target\classes started by Henk in C:\Users\Henk\IdeaProjects\WotAPI)
2025-07-11 13:14:04,826 DEBUG o.s.b.StartupInfoLogger [main] Running with Spring Boot v3.5.3, Spring v6.2.8
2025-07-11 13:14:04,826 INFO o.s.b.SpringApplication [main] No active profile set, falling back to 1 default profile: "default"
2025-07-11 13:14:05,871 INFO o.s.b.StartupInfoLogger [main] Started App in 1.324 seconds (process running for 1.992)
2025-07-11 13:14:05,873 INFO c.l.w.i.TomatoImport [main] [Tomato Import] Started..
2025-07-11 13:14:06,275 INFO c.l.w.i.TomatoImport [main] [Tomato Import] Finished successfully
2025-07-11 13:14:27,159 WARN o.s.w.s.h.AbstractHandlerExceptionResolver [http-nio-5000-exec-4] Resolved [org.springframework.web.bind.MissingServletRequestParameterException: Required request parameter 'region' for method parameter type String is not present]
2025-07-11 13:15:35,327 WARN o.s.w.s.h.AbstractHandlerExceptionResolver [http-nio-5000-exec-6] Resolved [org.springframework.web.bind.MissingServletRequestParameterException: Required request parameter 'region' for method parameter type String is not present]
2025-07-11 13:26:46,311 INFO o.s.b.StartupInfoLogger [main] Starting App using Java 24.0.1 with PID 22740 (C:\Users\Henk\IdeaProjects\WotAPI\target\classes started by Henk in C:\Users\Henk\IdeaProjects\WotAPI)
2025-07-11 13:26:46,312 DEBUG o.s.b.StartupInfoLogger [main] Running with Spring Boot v3.5.3, Spring v6.2.8
2025-07-11 13:26:46,313 INFO o.s.b.SpringApplication [main] No active profile set, falling back to 1 default profile: "default"
2025-07-11 13:26:47,357 INFO o.s.b.StartupInfoLogger [main] Started App in 1.317 seconds (process running for 2.0)
2025-07-11 13:26:47,358 INFO c.l.w.i.TomatoImport [main] [Tomato Import] Started..
2025-07-11 13:26:47,759 INFO c.l.w.i.TomatoImport [main] [Tomato Import] Finished successfully
2025-07-11 13:33:52,462 INFO o.s.b.StartupInfoLogger [main] Starting App using Java 24.0.1 with PID 7408 (C:\Users\Henk\IdeaProjects\WotAPI\target\classes started by Henk in C:\Users\Henk\IdeaProjects\WotAPI)
2025-07-11 13:33:52,463 DEBUG o.s.b.StartupInfoLogger [main] Running with Spring Boot v3.5.3, Spring v6.2.8
2025-07-11 13:33:52,464 INFO o.s.b.SpringApplication [main] No active profile set, falling back to 1 default profile: "default"
2025-07-11 13:33:53,526 INFO o.s.b.StartupInfoLogger [main] Started App in 1.339 seconds (process running for 1.995)
2025-07-11 13:33:53,528 INFO c.l.w.i.TomatoImport [main] [Tomato Import] Started..
2025-07-11 13:37:29,881 INFO c.l.w.i.TomatoImport [main] [Tomato Import] Finished successfully
2025-07-11 13:43:32,817 INFO o.s.b.StartupInfoLogger [main] Starting App using Java 24.0.1 with PID 10916 (C:\Users\Henk\IdeaProjects\WotAPI\target\classes started by Henk in C:\Users\Henk\IdeaProjects\WotAPI)
2025-07-11 13:43:32,818 DEBUG o.s.b.StartupInfoLogger [main] Running with Spring Boot v3.5.3, Spring v6.2.8
2025-07-11 13:43:32,819 INFO o.s.b.SpringApplication [main] No active profile set, falling back to 1 default profile: "default"
2025-07-11 13:43:33,884 INFO o.s.b.StartupInfoLogger [main] Started App in 1.337 seconds (process running for 1.989)
2025-07-11 13:43:33,886 INFO c.l.w.i.TomatoImport [main] [Tomato Import] Started..
2025-07-11 13:43:34,191 INFO c.l.w.s.TomatoClient [main] [Tomato Import] Call to https://tomato.gg/_next/data/JtKYcGjooVJZPBu1BW0F_/en/tank-peformance/recent/EU.json?mode=recent&server=EU returned 404 NOT_FOUND
2025-07-11 13:43:34,217 INFO c.l.w.s.TomatoClient [main] [Tomato Import] Failed
org.springframework.web.client.UnknownContentTypeException: Could not extract response: no suitable HttpMessageConverter found for response type [class com.learningjava.wotapi.api.model.Tomato.TomatoTankPerformance] and content type [text/html;charset=utf-8]
	at org.springframework.web.client.DefaultRestClient.readWithMessageConverters(DefaultRestClient.java:251)
	at org.springframework.web.client.DefaultRestClient$DefaultResponseSpec.readBody(DefaultRestClient.java:819)
	at org.springframework.web.client.DefaultRestClient$DefaultResponseSpec.lambda$body$0(DefaultRestClient.java:750)
	at org.springframework.web.client.DefaultRestClient$DefaultRequestBodyUriSpec.exchangeInternal(DefaultRestClient.java:579)
	at org.springframework.web.client.DefaultRestClient$DefaultRequestBodyUriSpec.exchange(DefaultRestClient.java:533)
	at org.springframework.web.client.RestClient$RequestHeadersSpec.exchange(RestClient.java:680)
	at org.springframework.web.client.DefaultRestClient$DefaultResponseSpec.executeAndExtract(DefaultRestClient.java:814)
	at org.springframework.web.client.DefaultRestClient$DefaultResponseSpec.body(DefaultRestClient.java:750)
	at com.learningjava.wotapi.service.TomatoClient.getTankPerformance(TomatoClient.java:38)
	at java.base/jdk.internal.reflect.DirectMethodHandleAccessor.invoke(DirectMethodHandleAccessor.java:104)
	at java.base/java.lang.reflect.Method.invoke(Method.java:565)
	at org.springframework.aop.support.AopUtils.invokeJoinpointUsingReflection(AopUtils.java:359)
	at org.springframework.aop.framework.ReflectiveMethodInvocation.invokeJoinpoint(ReflectiveMethodInvocation.java:196)
	at org.springframework.aop.framework.ReflectiveMethodInvocation.proceed(ReflectiveMethodInvocation.java:163)
	at org.springframework.retry.interceptor.RetryOperationsInterceptor$1.doWithRetry(RetryOperationsInterceptor.java:114)
	at org.springframework.retry.support.RetryTemplate.doExecute(RetryTemplate.java:357)
	at org.springframework.retry.support.RetryTemplate.execute(RetryTemplate.java:246)
	at org.springframework.retry.interceptor.RetryOperationsInterceptor.invoke(RetryOperationsInterceptor.java:135)
	at org.springframework.retry.annotation.AnnotationAwareRetryOperationsInterceptor.invoke(AnnotationAwareRetryOperationsInterceptor.java:162)
	at org.springframework.aop.framework.ReflectiveMethodInvocation.proceed(ReflectiveMethodInvocation.java:184)
	at org.springframework.aop.framework.CglibAopProxy$DynamicAdvisedInterceptor.intercept(CglibAopProxy.java:728)
	at com.learningjava.wotapi.service.TomatoClient$$SpringCGLIB$$0.getTankPerformance(<generated>)
	at com.learningjava.wotapi.imports.TomatoImport.start(TomatoImport.java:29)
	at com.learningjava.wotapi.imports.TomatoImport.startupImport(TomatoImport.java:41)
	at java.base/jdk.internal.reflect.DirectMethodHandleAccessor.invoke(DirectMethodHandleAccessor.java:104)
	at java.base/java.lang.reflect.Method.invoke(Method.java:565)
	at org.springframework.context.event.ApplicationListenerMethodAdapter.doInvoke(ApplicationListenerMethodAdapter.java:382)
	at org.springframework.context.event.ApplicationListenerMethodAdapter.processEvent(ApplicationListenerMethodAdapter.java:254)
	at org.springframework.context.event.ApplicationListenerMethodAdapter.onApplicationEvent(ApplicationListenerMethodAdapter.java:173)
	at org.springframework.context.event.SimpleApplicationEventMulticaster.doInvokeListener(SimpleApplicationEventMulticaster.java:185)
	at org.springframework.context.event.SimpleApplicationEventMulticaster.invokeListener(SimpleApplicationEventMulticaster.java:178)
	at org.springframework.context.event.SimpleApplicationEventMulticaster.multicastEvent(SimpleApplicationEventMulticaster.java:156)
	at org.springframework.context.support.AbstractApplicationContext.publishEvent(AbstractApplicationContext.java:454)
	at org.springframework.context.support.AbstractApplicationContext.publishEvent(AbstractApplicationContext.java:387)
	at org.springframework.boot.context.event.EventPublishingRunListener.ready(EventPublishingRunListener.java:109)
	at org.springframework.boot.SpringApplicationRunListeners.lambda$ready$6(SpringApplicationRunListeners.java:80)
	at java.base/java.lang.Iterable.forEach(Iterable.java:75)
	at org.springframework.boot.SpringApplicationRunListeners.doWithListeners(SpringApplicationRunListeners.java:118)
	at org.springframework.boot.SpringApplicationRunListeners.doWithListeners(SpringApplicationRunListeners.java:112)
	at org.springframework.boot.SpringApplicationRunListeners.ready(SpringApplicationRunListeners.java:80)
	at org.springframework.boot.SpringApplication.run(SpringApplication.java:332)
	at org.springframework.boot.SpringApplication.run(SpringApplication.java:1361)
	at org.springframework.boot.SpringApplication.run(SpringApplication.java:1350)
	at com.learningjava.wotapi.App.main(App.java:15)
